# JRE version: Java(TM) SE Runtime Environment (8.0_11-b12) (build 1.8.0_11-b12)
# Java VM: Java HotSpot(TM) 64-Bit Server VM (25.11-b03 mixed mode windows-amd64 compressed oops)
Heap:
 PSYoungGen      total 246784K, used 140862K [0x00000000f0000000, 0x0000000100000000, 0x0000000100000000)
  eden space 231424K, 54% used [0x00000000f0000000,0x00000000f7a968d8,0x00000000fe200000)
  from space 15360K, 99% used [0x00000000fe200000,0x00000000ff0f9080,0x00000000ff100000)
  to   space 15360K, 0% used [0x00000000ff100000,0x00000000ff100000,0x0000000100000000)
 ParOldGen       total 87040K, used 73010K [0x00000000d0000000, 0x00000000d5500000, 0x00000000f0000000)
  object space 87040K, 83% used [0x00000000d0000000,0x00000000d474cb70,0x00000000d5500000)
 Metaspace       used 55621K, capacity 57048K, committed 57344K, reserved 1099776K
  class space    used 6418K, capacity 6883K, committed 6912K, reserved 1048576K
GC Heap History (10 events):
Event: 9.638 GC heap before
{Heap before GC invocations=53 (full 5):
 PSYoungGen      total 225792K, used 219179K [0x00000000f0000000, 0x00000000ffa00000, 0x0000000100000000)
  eden space 215040K, 100% used [0x00000000f0000000,0x00000000fd200000,0x00000000fd200000)
  from space 10752K, 38% used [0x00000000fd200000,0x00000000fd60ad98,0x00000000fdc80000)
  to   space 10240K, 0% used [0x00000000ff000000,0x00000000ff000000,0x00000000ffa00000)
 ParOldGen       total 72192K, used 58624K [0x00000000d0000000, 0x00000000d4680000, 0x00000000f0000000)
  object space 72192K, 81% used [0x00000000d0000000,0x00000000d3940198,0x00000000d4680000)
 Metaspace       used 49735K, capacity 50994K, committed 51072K, reserved 1093632K
  class space    used 5631K, capacity 6012K, committed 6016K, reserved 1048576K
Event: 9.663 GC heap after
Heap after GC invocations=53 (full 5):
 PSYoungGen      total 245760K, used 5815K [0x00000000f0000000, 0x00000000ffa00000, 0x0000000100000000)
  eden space 235520K, 0% used [0x00000000f0000000,0x00000000f0000000,0x00000000fe600000)
  from space 10240K, 56% used [0x00000000ff000000,0x00000000ff5add38,0x00000000ffa00000)
  to   space 10240K, 0% used [0x00000000fe600000,0x00000000fe600000,0x00000000ff000000)
 ParOldGen       total 72192K, used 58632K [0x00000000d0000000, 0x00000000d4680000, 0x00000000f0000000)
  object space 72192K, 81% used [0x00000000d0000000,0x00000000d3942198,0x00000000d4680000)
 Metaspace       used 49735K, capacity 50994K, committed 51072K, reserved 1093632K
  class space    used 5631K, capacity 6012K, committed 6016K, reserved 1048576K
}
Event: 10.286 GC heap before
{Heap before GC invocations=54 (full 5):
 PSYoungGen      total 245760K, used 235565K [0x00000000f0000000, 0x00000000ffa00000, 0x0000000100000000)
  eden space 235520K, 97% used [0x00000000f0000000,0x00000000fe05d850,0x00000000fe600000)
  from space 10240K, 56% used [0x00000000ff000000,0x00000000ff5add38,0x00000000ffa00000)
  to   space 10240K, 0% used [0x00000000fe600000,0x00000000fe600000,0x00000000ff000000)
 ParOldGen       total 72192K, used 58632K [0x00000000d0000000, 0x00000000d4680000, 0x00000000f0000000)
  object space 72192K, 81% used [0x00000000d0000000,0x00000000d3942198,0x00000000d4680000)
 Metaspace       used 51439K, capacity 52746K, committed 52864K, reserved 1095680K
  class space    used 5878K, capacity 6272K, committed 6272K, reserved 1048576K
Event: 10.314 GC heap after
Heap after GC invocations=54 (full 5):
 PSYoungGen      total 245760K, used 9659K [0x00000000f0000000, 0x0000000100000000, 0x0000000100000000)
  eden space 235520K, 0% used [0x00000000f0000000,0x00000000f0000000,0x00000000fe600000)
  from space 10240K, 94% used [0x00000000fe600000,0x00000000fef6eee8,0x00000000ff000000)
  to   space 11264K, 0% used [0x00000000ff500000,0x00000000ff500000,0x0000000100000000)
 ParOldGen       total 72192K, used 58640K [0x00000000d0000000, 0x00000000d4680000, 0x00000000f0000000)
  object space 72192K, 81% used [0x00000000d0000000,0x00000000d3944198,0x00000000d4680000)
 Metaspace       used 51439K, capacity 52746K, committed 52864K, reserved 1095680K
  class space    used 5878K, capacity 6272K, committed 6272K, reserved 1048576K
}
Event: 11.100 GC heap before
{Heap before GC invocations=55 (full 5):
 PSYoungGen      total 245760K, used 240077K [0x00000000f0000000, 0x0000000100000000, 0x0000000100000000)
  eden space 235520K, 97% used [0x00000000f0000000,0x00000000fe1046c0,0x00000000fe600000)
  from space 10240K, 94% used [0x00000000fe600000,0x00000000fef6eee8,0x00000000ff000000)
  to   space 11264K, 0% used [0x00000000ff500000,0x00000000ff500000,0x0000000100000000)
 ParOldGen       total 72192K, used 58640K [0x00000000d0000000, 0x00000000d4680000, 0x00000000f0000000)
  object space 72192K, 81% used [0x00000000d0000000,0x00000000d3944198,0x00000000d4680000)
 Metaspace       used 52445K, capacity 53830K, committed 54016K, reserved 1097728K
  class space    used 6005K, capacity 6387K, committed 6400K, reserved 1048576K
Event: 11.134 GC heap after
Heap after GC invocations=55 (full 5):
 PSYoungGen      total 242688K, used 11232K [0x00000000f0000000, 0x0000000100000000, 0x0000000100000000)
  eden space 231424K, 0% used [0x00000000f0000000,0x00000000f0000000,0x00000000fe200000)
  from space 11264K, 99% used [0x00000000ff500000,0x00000000ffff8160,0x0000000100000000)
  to   space 15360K, 0% used [0x00000000fe200000,0x00000000fe200000,0x00000000ff100000)
 ParOldGen       total 72192K, used 64202K [0x00000000d0000000, 0x00000000d4680000, 0x00000000f0000000)
  object space 72192K, 88% used [0x00000000d0000000,0x00000000d3eb2bf8,0x00000000d4680000)
 Metaspace       used 52445K, capacity 53830K, committed 54016K, reserved 1097728K
  class space    used 6005K, capacity 6387K, committed 6400K, reserved 1048576K
}
Event: 11.134 GC heap before
{Heap before GC invocations=56 (full 6):
 PSYoungGen      total 242688K, used 11232K [0x00000000f0000000, 0x0000000100000000, 0x0000000100000000)
  eden space 231424K, 0% used [0x00000000f0000000,0x00000000f0000000,0x00000000fe200000)
  from space 11264K, 99% used [0x00000000ff500000,0x00000000ffff8160,0x0000000100000000)
  to   space 15360K, 0% used [0x00000000fe200000,0x00000000fe200000,0x00000000ff100000)
 ParOldGen       total 72192K, used 64202K [0x00000000d0000000, 0x00000000d4680000, 0x00000000f0000000)
  object space 72192K, 88% used [0x00000000d0000000,0x00000000d3eb2bf8,0x00000000d4680000)
 Metaspace       used 52445K, capacity 53830K, committed 54016K, reserved 1097728K
  class space    used 6005K, capacity 6387K, committed 6400K, reserved 1048576K
Event: 11.957 GC heap after
Heap after GC invocations=56 (full 6):
 PSYoungGen      total 242688K, used 2009K [0x00000000f0000000, 0x0000000100000000, 0x0000000100000000)
  eden space 231424K, 0% used [0x00000000f0000000,0x00000000f0000000,0x00000000fe200000)
  from space 11264K, 17% used [0x00000000ff500000,0x00000000ff6f6470,0x0000000100000000)
  to   space 15360K, 0% used [0x00000000fe200000,0x00000000fe200000,0x00000000ff100000)
 ParOldGen       total 87040K, used 72189K [0x00000000d0000000, 0x00000000d5500000, 0x00000000f0000000)
  object space 87040K, 82% used [0x00000000d0000000,0x00000000d467f610,0x00000000d5500000)
 Metaspace       used 52445K, capacity 53830K, committed 54016K, reserved 1097728K
  class space    used 6005K, capacity 6387K, committed 6400K, reserved 1048576K
}
Event: 12.850 GC heap before
{Heap before GC invocations=57 (full 6):
 PSYoungGen      total 242688K, used 225899K [0x00000000f0000000, 0x0000000100000000, 0x0000000100000000)
  eden space 231424K, 96% used [0x00000000f0000000,0x00000000fdaa4860,0x00000000fe200000)
  from space 11264K, 17% used [0x00000000ff500000,0x00000000ff6f6470,0x0000000100000000)
  to   space 15360K, 0% used [0x00000000fe200000,0x00000000fe200000,0x00000000ff100000)
 ParOldGen       total 87040K, used 72189K [0x00000000d0000000, 0x00000000d5500000, 0x00000000f0000000)
  object space 87040K, 82% used [0x00000000d0000000,0x00000000d467f610,0x00000000d5500000)
 Metaspace       used 54857K, capacity 56222K, committed 56448K, reserved 1099776K
  class space    used 6282K, capacity 6712K, committed 6784K, reserved 1048576K
Event: 12.887 GC heap after
Heap after GC invocations=57 (full 6):
 PSYoungGen      total 246784K, used 15332K [0x00000000f0000000, 0x0000000100000000, 0x0000000100000000)
  eden space 231424K, 0% used [0x00000000f0000000,0x00000000f0000000,0x00000000fe200000)
  from space 15360K, 99% used [0x00000000fe200000,0x00000000ff0f9080,0x00000000ff100000)
  to   space 15360K, 0% used [0x00000000ff100000,0x00000000ff100000,0x0000000100000000)
 ParOldGen       total 87040K, used 73010K [0x00000000d0000000, 0x00000000d5500000, 0x00000000f0000000)
  object space 87040K, 83% used [0x00000000d0000000,0x00000000d474cb70,0x00000000d5500000)
 Metaspace       used 54857K, capacity 56222K, committed 56448K, reserved 1099776K
  class space    used 6282K, capacity 6712K, committed 6784K, reserved 1048576K
}

