# JRE version: Java(TM) SE Runtime Environment (8.0_11-b12) (build 1.8.0_11-b12)
# Java VM: Java HotSpot(TM) 64-Bit Server VM (25.11-b03 mixed mode windows-amd64 compressed oops)
Heap:
 PSYoungGen      total 230912K, used 131993K [0x00000000f0000000, 0x0000000100000000, 0x0000000100000000)
  eden space 209920K, 52% used [0x00000000f0000000,0x00000000f6c686c0,0x00000000fcd00000)
  from space 20992K, 99% used [0x00000000fcd00000,0x00000000fe17e0a8,0x00000000fe180000)
  to   space 28672K, 0% used [0x00000000fe400000,0x00000000fe400000,0x0000000100000000)
 ParOldGen       total 93184K, used 76334K [0x00000000d0000000, 0x00000000d5b00000, 0x00000000f0000000)
  object space 93184K, 81% used [0x00000000d0000000,0x00000000d4a8ba40,0x00000000d5b00000)
 Metaspace       used 57501K, capacity 59008K, committed 59136K, reserved 1101824K
  class space    used 6603K, capacity 7083K, committed 7168K, reserved 1048576K
GC Heap History (10 events):
Event: 13.410 GC heap before
{Heap before GC invocations=47 (full 5):
 PSYoungGen      total 244224K, used 223259K [0x00000000f0000000, 0x00000000fff80000, 0x0000000100000000)
  eden space 226816K, 96% used [0x00000000f0000000,0x00000000fd57eaf8,0x00000000fdd80000)
  from space 17408K, 26% used [0x00000000fdd80000,0x00000000fe2084b8,0x00000000fee80000)
  to   space 16896K, 0% used [0x00000000fef00000,0x00000000fef00000,0x00000000fff80000)
 ParOldGen       total 76800K, used 63528K [0x00000000d0000000, 0x00000000d4b00000, 0x00000000f0000000)
  object space 76800K, 82% used [0x00000000d0000000,0x00000000d3e0a0e8,0x00000000d4b00000)
 Metaspace       used 52162K, capacity 53472K, committed 53760K, reserved 1097728K
  class space    used 5913K, capacity 6313K, committed 6400K, reserved 1048576K
Event: 13.427 GC heap after
Heap after GC invocations=47 (full 5):
 PSYoungGen      total 243712K, used 8599K [0x00000000f0000000, 0x00000000ffe80000, 0x0000000100000000)
  eden space 227840K, 0% used [0x00000000f0000000,0x00000000f0000000,0x00000000fde80000)
  from space 15872K, 54% used [0x00000000fef00000,0x00000000ff765e50,0x00000000ffe80000)
  to   space 16384K, 0% used [0x00000000fde80000,0x00000000fde80000,0x00000000fee80000)
 ParOldGen       total 76800K, used 63536K [0x00000000d0000000, 0x00000000d4b00000, 0x00000000f0000000)
  object space 76800K, 82% used [0x00000000d0000000,0x00000000d3e0c0e8,0x00000000d4b00000)
 Metaspace       used 52162K, capacity 53472K, committed 53760K, reserved 1097728K
  class space    used 5913K, capacity 6313K, committed 6400K, reserved 1048576K
}
Event: 14.299 GC heap before
{Heap before GC invocations=48 (full 5):
 PSYoungGen      total 243712K, used 236439K [0x00000000f0000000, 0x00000000ffe80000, 0x0000000100000000)
  eden space 227840K, 100% used [0x00000000f0000000,0x00000000fde80000,0x00000000fde80000)
  from space 15872K, 54% used [0x00000000fef00000,0x00000000ff765e50,0x00000000ffe80000)
  to   space 16384K, 0% used [0x00000000fde80000,0x00000000fde80000,0x00000000fee80000)
 ParOldGen       total 76800K, used 63536K [0x00000000d0000000, 0x00000000d4b00000, 0x00000000f0000000)
  object space 76800K, 82% used [0x00000000d0000000,0x00000000d3e0c0e8,0x00000000d4b00000)
 Metaspace       used 53219K, capacity 54536K, committed 54912K, reserved 1097728K
  class space    used 6050K, capacity 6463K, committed 6528K, reserved 1048576K
Event: 14.327 GC heap after
Heap after GC invocations=48 (full 5):
 PSYoungGen      total 244224K, used 16216K [0x00000000f0000000, 0x0000000100000000, 0x0000000100000000)
  eden space 227840K, 0% used [0x00000000f0000000,0x00000000f0000000,0x00000000fde80000)
  from space 16384K, 98% used [0x00000000fde80000,0x00000000fee560f8,0x00000000fee80000)
  to   space 17920K, 0% used [0x00000000fee80000,0x00000000fee80000,0x0000000100000000)
 ParOldGen       total 76800K, used 63544K [0x00000000d0000000, 0x00000000d4b00000, 0x00000000f0000000)
  object space 76800K, 82% used [0x00000000d0000000,0x00000000d3e0e0e8,0x00000000d4b00000)
 Metaspace       used 53219K, capacity 54536K, committed 54912K, reserved 1097728K
  class space    used 6050K, capacity 6463K, committed 6528K, reserved 1048576K
}
Event: 15.267 GC heap before
{Heap before GC invocations=49 (full 5):
 PSYoungGen      total 244224K, used 244056K [0x00000000f0000000, 0x0000000100000000, 0x0000000100000000)
  eden space 227840K, 100% used [0x00000000f0000000,0x00000000fde80000,0x00000000fde80000)
  from space 16384K, 98% used [0x00000000fde80000,0x00000000fee560f8,0x00000000fee80000)
  to   space 17920K, 0% used [0x00000000fee80000,0x00000000fee80000,0x0000000100000000)
 ParOldGen       total 76800K, used 63544K [0x00000000d0000000, 0x00000000d4b00000, 0x00000000f0000000)
  object space 76800K, 82% used [0x00000000d0000000,0x00000000d3e0e0e8,0x00000000d4b00000)
 Metaspace       used 55831K, capacity 57238K, committed 57600K, reserved 1099776K
  class space    used 6354K, capacity 6787K, committed 6912K, reserved 1048576K
Event: 15.309 GC heap after
Heap after GC invocations=49 (full 5):
 PSYoungGen      total 227840K, used 17904K [0x00000000f0000000, 0x0000000100000000, 0x0000000100000000)
  eden space 209920K, 0% used [0x00000000f0000000,0x00000000f0000000,0x00000000fcd00000)
  from space 17920K, 99% used [0x00000000fee80000,0x00000000ffffc2b0,0x0000000100000000)
  to   space 26112K, 0% used [0x00000000fcd00000,0x00000000fcd00000,0x00000000fe680000)
 ParOldGen       total 76800K, used 75126K [0x00000000d0000000, 0x00000000d4b00000, 0x00000000f0000000)
  object space 76800K, 97% used [0x00000000d0000000,0x00000000d495d8f8,0x00000000d4b00000)
 Metaspace       used 55831K, capacity 57238K, committed 57600K, reserved 1099776K
  class space    used 6354K, capacity 6787K, committed 6912K, reserved 1048576K
}
Event: 15.309 GC heap before
{Heap before GC invocations=50 (full 6):
 PSYoungGen      total 227840K, used 17904K [0x00000000f0000000, 0x0000000100000000, 0x0000000100000000)
  eden space 209920K, 0% used [0x00000000f0000000,0x00000000f0000000,0x00000000fcd00000)
  from space 17920K, 99% used [0x00000000fee80000,0x00000000ffffc2b0,0x0000000100000000)
  to   space 26112K, 0% used [0x00000000fcd00000,0x00000000fcd00000,0x00000000fe680000)
 ParOldGen       total 76800K, used 75126K [0x00000000d0000000, 0x00000000d4b00000, 0x00000000f0000000)
  object space 76800K, 97% used [0x00000000d0000000,0x00000000d495d8f8,0x00000000d4b00000)
 Metaspace       used 55831K, capacity 57238K, committed 57600K, reserved 1099776K
  class space    used 6354K, capacity 6787K, committed 6912K, reserved 1048576K
Event: 16.215 GC heap after
Heap after GC invocations=50 (full 6):
 PSYoungGen      total 227840K, used 14741K [0x00000000f0000000, 0x0000000100000000, 0x0000000100000000)
  eden space 209920K, 0% used [0x00000000f0000000,0x00000000f0000000,0x00000000fcd00000)
  from space 17920K, 82% used [0x00000000fee80000,0x00000000ffce5598,0x0000000100000000)
  to   space 26112K, 0% used [0x00000000fcd00000,0x00000000fcd00000,0x00000000fe680000)
 ParOldGen       total 93184K, used 76326K [0x00000000d0000000, 0x00000000d5b00000, 0x00000000f0000000)
  object space 93184K, 81% used [0x00000000d0000000,0x00000000d4a89a40,0x00000000d5b00000)
 Metaspace       used 55831K, capacity 57238K, committed 57600K, reserved 1099776K
  class space    used 6354K, capacity 6787K, committed 6912K, reserved 1048576K
}
Event: 16.841 GC heap before
{Heap before GC invocations=51 (full 6):
 PSYoungGen      total 227840K, used 217318K [0x00000000f0000000, 0x0000000100000000, 0x0000000100000000)
  eden space 209920K, 96% used [0x00000000f0000000,0x00000000fc5d4268,0x00000000fcd00000)
  from space 17920K, 82% used [0x00000000fee80000,0x00000000ffce5598,0x0000000100000000)
  to   space 26112K, 0% used [0x00000000fcd00000,0x00000000fcd00000,0x00000000fe680000)
 ParOldGen       total 93184K, used 76326K [0x00000000d0000000, 0x00000000d5b00000, 0x00000000f0000000)
  object space 93184K, 81% used [0x00000000d0000000,0x00000000d4a89a40,0x00000000d5b00000)
 Metaspace       used 56810K, capacity 58262K, committed 58496K, reserved 1101824K
  class space    used 6514K, capacity 6972K, committed 7040K, reserved 1048576K
Event: 16.883 GC heap after
Heap after GC invocations=51 (full 6):
 PSYoungGen      total 230912K, used 20984K [0x00000000f0000000, 0x0000000100000000, 0x0000000100000000)
  eden space 209920K, 0% used [0x00000000f0000000,0x00000000f0000000,0x00000000fcd00000)
  from space 20992K, 99% used [0x00000000fcd00000,0x00000000fe17e0a8,0x00000000fe180000)
  to   space 28672K, 0% used [0x00000000fe400000,0x00000000fe400000,0x0000000100000000)
 ParOldGen       total 93184K, used 76334K [0x00000000d0000000, 0x00000000d5b00000, 0x00000000f0000000)
  object space 93184K, 81% used [0x00000000d0000000,0x00000000d4a8ba40,0x00000000d5b00000)
 Metaspace       used 56810K, capacity 58262K, committed 58496K, reserved 1101824K
  class space    used 6514K, capacity 6972K, committed 7040K, reserved 1048576K
}

