# JRE version: Java(TM) SE Runtime Environment (8.0_11-b12) (build 1.8.0_11-b12)
# Java VM: Java HotSpot(TM) 64-Bit Server VM (25.11-b03 mixed mode windows-amd64 compressed oops)
Heap:
 PSYoungGen      total 245248K, used 151793K [0x00000000f0000000, 0x0000000100000000, 0x0000000100000000)
  eden space 228352K, 61% used [0x00000000f0000000,0x00000000f89cc3f8,0x00000000fdf00000)
  from space 16896K, 63% used [0x00000000fdf00000,0x00000000fe9701a8,0x00000000fef80000)
  to   space 16896K, 0% used [0x00000000fef80000,0x00000000fef80000,0x0000000100000000)
 ParOldGen       total 86528K, used 71437K [0x00000000d0000000, 0x00000000d5480000, 0x00000000f0000000)
  object space 86528K, 82% used [0x00000000d0000000,0x00000000d45c35b0,0x00000000d5480000)
 Metaspace       used 55437K, capacity 56854K, committed 57088K, reserved 1099776K
  class space    used 6413K, capacity 6882K, committed 6912K, reserved 1048576K
GC Heap History (10 events):
Event: 9.035 GC heap before
{Heap before GC invocations=51 (full 5):
 PSYoungGen      total 236544K, used 223188K [0x00000000f0000000, 0x0000000100000000, 0x0000000100000000)
  eden space 220672K, 100% used [0x00000000f0000000,0x00000000fd780000,0x00000000fd780000)
  from space 15872K, 15% used [0x00000000fd780000,0x00000000fd9f52c0,0x00000000fe700000)
  to   space 15360K, 0% used [0x00000000ff100000,0x00000000ff100000,0x0000000100000000)
 ParOldGen       total 71680K, used 59131K [0x00000000d0000000, 0x00000000d4600000, 0x00000000f0000000)
  object space 71680K, 82% used [0x00000000d0000000,0x00000000d39bed08,0x00000000d4600000)
 Metaspace       used 49202K, capacity 50444K, committed 50816K, reserved 1093632K
  class space    used 5583K, capacity 5979K, committed 6016K, reserved 1048576K
Event: 9.040 GC heap after
Heap after GC invocations=51 (full 5):
 PSYoungGen      total 243712K, used 3662K [0x00000000f0000000, 0x00000000ffd80000, 0x0000000100000000)
  eden space 230912K, 0% used [0x00000000f0000000,0x00000000f0000000,0x00000000fe180000)
  from space 12800K, 28% used [0x00000000ff100000,0x00000000ff493b60,0x00000000ffd80000)
  to   space 14336K, 0% used [0x00000000fe180000,0x00000000fe180000,0x00000000fef80000)
 ParOldGen       total 71680K, used 59139K [0x00000000d0000000, 0x00000000d4600000, 0x00000000f0000000)
  object space 71680K, 82% used [0x00000000d0000000,0x00000000d39c0d08,0x00000000d4600000)
 Metaspace       used 49202K, capacity 50444K, committed 50816K, reserved 1093632K
  class space    used 5583K, capacity 5979K, committed 6016K, reserved 1048576K
}
Event: 9.628 GC heap before
{Heap before GC invocations=52 (full 5):
 PSYoungGen      total 243712K, used 226010K [0x00000000f0000000, 0x00000000ffd80000, 0x0000000100000000)
  eden space 230912K, 96% used [0x00000000f0000000,0x00000000fd922df0,0x00000000fe180000)
  from space 12800K, 28% used [0x00000000ff100000,0x00000000ff493b60,0x00000000ffd80000)
  to   space 14336K, 0% used [0x00000000fe180000,0x00000000fe180000,0x00000000fef80000)
 ParOldGen       total 71680K, used 59139K [0x00000000d0000000, 0x00000000d4600000, 0x00000000f0000000)
  object space 71680K, 82% used [0x00000000d0000000,0x00000000d39c0d08,0x00000000d4600000)
 Metaspace       used 51076K, capacity 52382K, committed 52608K, reserved 1095680K
  class space    used 5849K, capacity 6238K, committed 6272K, reserved 1048576K
Event: 9.645 GC heap after
Heap after GC invocations=52 (full 5):
 PSYoungGen      total 245248K, used 7900K [0x00000000f0000000, 0x0000000100000000, 0x0000000100000000)
  eden space 230912K, 0% used [0x00000000f0000000,0x00000000f0000000,0x00000000fe180000)
  from space 14336K, 55% used [0x00000000fe180000,0x00000000fe9370e0,0x00000000fef80000)
  to   space 14336K, 0% used [0x00000000ff200000,0x00000000ff200000,0x0000000100000000)
 ParOldGen       total 71680K, used 59147K [0x00000000d0000000, 0x00000000d4600000, 0x00000000f0000000)
  object space 71680K, 82% used [0x00000000d0000000,0x00000000d39c2d08,0x00000000d4600000)
 Metaspace       used 51076K, capacity 52382K, committed 52608K, reserved 1095680K
  class space    used 5849K, capacity 6238K, committed 6272K, reserved 1048576K
}
Event: 10.382 GC heap before
{Heap before GC invocations=53 (full 5):
 PSYoungGen      total 245248K, used 238812K [0x00000000f0000000, 0x0000000100000000, 0x0000000100000000)
  eden space 230912K, 100% used [0x00000000f0000000,0x00000000fe180000,0x00000000fe180000)
  from space 14336K, 55% used [0x00000000fe180000,0x00000000fe9370e0,0x00000000fef80000)
  to   space 14336K, 0% used [0x00000000ff200000,0x00000000ff200000,0x0000000100000000)
 ParOldGen       total 71680K, used 59147K [0x00000000d0000000, 0x00000000d4600000, 0x00000000f0000000)
  object space 71680K, 82% used [0x00000000d0000000,0x00000000d39c2d08,0x00000000d4600000)
 Metaspace       used 52170K, capacity 53466K, committed 53760K, reserved 1097728K
  class space    used 5986K, capacity 6353K, committed 6400K, reserved 1048576K
Event: 10.393 GC heap after
Heap after GC invocations=53 (full 5):
 PSYoungGen      total 242688K, used 14273K [0x00000000f0000000, 0x0000000100000000, 0x0000000100000000)
  eden space 228352K, 0% used [0x00000000f0000000,0x00000000f0000000,0x00000000fdf00000)
  from space 14336K, 99% used [0x00000000ff200000,0x00000000ffff04e0,0x0000000100000000)
  to   space 16896K, 0% used [0x00000000fdf00000,0x00000000fdf00000,0x00000000fef80000)
 ParOldGen       total 71680K, used 59155K [0x00000000d0000000, 0x00000000d4600000, 0x00000000f0000000)
  object space 71680K, 82% used [0x00000000d0000000,0x00000000d39c4d08,0x00000000d4600000)
 Metaspace       used 52170K, capacity 53466K, committed 53760K, reserved 1097728K
  class space    used 5986K, capacity 6353K, committed 6400K, reserved 1048576K
}
Event: 11.252 GC heap before
{Heap before GC invocations=54 (full 5):
 PSYoungGen      total 242688K, used 242625K [0x00000000f0000000, 0x0000000100000000, 0x0000000100000000)
  eden space 228352K, 100% used [0x00000000f0000000,0x00000000fdf00000,0x00000000fdf00000)
  from space 14336K, 99% used [0x00000000ff200000,0x00000000ffff04e0,0x0000000100000000)
  to   space 16896K, 0% used [0x00000000fdf00000,0x00000000fdf00000,0x00000000fef80000)
 ParOldGen       total 71680K, used 59155K [0x00000000d0000000, 0x00000000d4600000, 0x00000000f0000000)
  object space 71680K, 82% used [0x00000000d0000000,0x00000000d39c4d08,0x00000000d4600000)
 Metaspace       used 53711K, capacity 55064K, committed 55424K, reserved 1097728K
  class space    used 6122K, capacity 6519K, committed 6528K, reserved 1048576K
Event: 11.266 GC heap after
Heap after GC invocations=54 (full 5):
 PSYoungGen      total 245248K, used 16864K [0x00000000f0000000, 0x0000000100000000, 0x0000000100000000)
  eden space 228352K, 0% used [0x00000000f0000000,0x00000000f0000000,0x00000000fdf00000)
  from space 16896K, 99% used [0x00000000fdf00000,0x00000000fef782d0,0x00000000fef80000)
  to   space 16896K, 0% used [0x00000000fef80000,0x00000000fef80000,0x0000000100000000)
 ParOldGen       total 71680K, used 66266K [0x00000000d0000000, 0x00000000d4600000, 0x00000000f0000000)
  object space 71680K, 92% used [0x00000000d0000000,0x00000000d40b69a0,0x00000000d4600000)
 Metaspace       used 53711K, capacity 55064K, committed 55424K, reserved 1097728K
  class space    used 6122K, capacity 6519K, committed 6528K, reserved 1048576K
}
Event: 11.266 GC heap before
{Heap before GC invocations=55 (full 6):
 PSYoungGen      total 245248K, used 16864K [0x00000000f0000000, 0x0000000100000000, 0x0000000100000000)
  eden space 228352K, 0% used [0x00000000f0000000,0x00000000f0000000,0x00000000fdf00000)
  from space 16896K, 99% used [0x00000000fdf00000,0x00000000fef782d0,0x00000000fef80000)
  to   space 16896K, 0% used [0x00000000fef80000,0x00000000fef80000,0x0000000100000000)
 ParOldGen       total 71680K, used 66266K [0x00000000d0000000, 0x00000000d4600000, 0x00000000f0000000)
  object space 71680K, 92% used [0x00000000d0000000,0x00000000d40b69a0,0x00000000d4600000)
 Metaspace       used 53711K, capacity 55064K, committed 55424K, reserved 1097728K
  class space    used 6122K, capacity 6519K, committed 6528K, reserved 1048576K
Event: 12.099 GC heap after
Heap after GC invocations=55 (full 6):
 PSYoungGen      total 245248K, used 10688K [0x00000000f0000000, 0x0000000100000000, 0x0000000100000000)
  eden space 228352K, 0% used [0x00000000f0000000,0x00000000f0000000,0x00000000fdf00000)
  from space 16896K, 63% used [0x00000000fdf00000,0x00000000fe9701a8,0x00000000fef80000)
  to   space 16896K, 0% used [0x00000000fef80000,0x00000000fef80000,0x0000000100000000)
 ParOldGen       total 86528K, used 71437K [0x00000000d0000000, 0x00000000d5480000, 0x00000000f0000000)
  object space 86528K, 82% used [0x00000000d0000000,0x00000000d45c35b0,0x00000000d5480000)
 Metaspace       used 53711K, capacity 55064K, committed 55424K, reserved 1097728K
  class space    used 6122K, capacity 6519K, committed 6528K, reserved 1048576K
}

