# JRE version: Java(TM) SE Runtime Environment (8.0_11-b12) (build 1.8.0_11-b12)
# Java VM: Java HotSpot(TM) 64-Bit Server VM (25.11-b03 mixed mode windows-amd64 compressed oops)
Heap:
 PSYoungGen      total 225792K, used 162536K [0x00000000f0000000, 0x0000000100000000, 0x0000000100000000)
  eden space 208896K, 69% used [0x00000000f0000000,0x00000000f8e3dee8,0x00000000fcc00000)
  from space 16896K, 99% used [0x00000000fef80000,0x00000000ffffc2d8,0x0000000100000000)
  to   space 26624K, 0% used [0x00000000fcc00000,0x00000000fcc00000,0x00000000fe600000)
 ParOldGen       total 88576K, used 76179K [0x00000000d0000000, 0x00000000d5680000, 0x00000000f0000000)
  object space 88576K, 86% used [0x00000000d0000000,0x00000000d4a64cb0,0x00000000d5680000)
 Metaspace       used 56894K, capacity 58474K, committed 58624K, reserved 1101824K
  class space    used 6644K, capacity 7129K, committed 7168K, reserved 1048576K
GC Heap History (10 events):
Event: 10.481 GC heap before
{Heap before GC invocations=52 (full 5):
 PSYoungGen      total 246272K, used 236285K [0x00000000f0000000, 0x00000000ffe00000, 0x0000000100000000)
  eden space 231936K, 100% used [0x00000000f0000000,0x00000000fe280000,0x00000000fe280000)
  from space 14336K, 30% used [0x00000000ff000000,0x00000000ff43f410,0x00000000ffe00000)
  to   space 13824K, 0% used [0x00000000fe280000,0x00000000fe280000,0x00000000ff000000)
 ParOldGen       total 72192K, used 59438K [0x00000000d0000000, 0x00000000d4680000, 0x00000000f0000000)
  object space 72192K, 82% used [0x00000000d0000000,0x00000000d3a0baf8,0x00000000d4680000)
 Metaspace       used 51004K, capacity 52232K, committed 52608K, reserved 1095680K
  class space    used 5844K, capacity 6207K, committed 6272K, reserved 1048576K
Event: 10.502 GC heap after
Heap after GC invocations=52 (full 5):
 PSYoungGen      total 245760K, used 7622K [0x00000000f0000000, 0x00000000fff80000, 0x0000000100000000)
  eden space 231936K, 0% used [0x00000000f0000000,0x00000000f0000000,0x00000000fe280000)
  from space 13824K, 55% used [0x00000000fe280000,0x00000000fe9f19e0,0x00000000ff000000)
  to   space 13824K, 0% used [0x00000000ff200000,0x00000000ff200000,0x00000000fff80000)
 ParOldGen       total 72192K, used 59446K [0x00000000d0000000, 0x00000000d4680000, 0x00000000f0000000)
  object space 72192K, 82% used [0x00000000d0000000,0x00000000d3a0daf8,0x00000000d4680000)
 Metaspace       used 51004K, capacity 52232K, committed 52608K, reserved 1095680K
  class space    used 5844K, capacity 6207K, committed 6272K, reserved 1048576K
}
Event: 11.358 GC heap before
{Heap before GC invocations=53 (full 5):
 PSYoungGen      total 245760K, used 239019K [0x00000000f0000000, 0x00000000fff80000, 0x0000000100000000)
  eden space 231936K, 99% used [0x00000000f0000000,0x00000000fe1f93b0,0x00000000fe280000)
  from space 13824K, 55% used [0x00000000fe280000,0x00000000fe9f19e0,0x00000000ff000000)
  to   space 13824K, 0% used [0x00000000ff200000,0x00000000ff200000,0x00000000fff80000)
 ParOldGen       total 72192K, used 59446K [0x00000000d0000000, 0x00000000d4680000, 0x00000000f0000000)
  object space 72192K, 82% used [0x00000000d0000000,0x00000000d3a0daf8,0x00000000d4680000)
 Metaspace       used 52059K, capacity 53380K, committed 53504K, reserved 1095680K
  class space    used 5975K, capacity 6387K, committed 6400K, reserved 1048576K
Event: 11.368 GC heap after
Heap after GC invocations=53 (full 5):
 PSYoungGen      total 242176K, used 13792K [0x00000000f0000000, 0x0000000100000000, 0x0000000100000000)
  eden space 228352K, 0% used [0x00000000f0000000,0x00000000f0000000,0x00000000fdf00000)
  from space 13824K, 99% used [0x00000000ff200000,0x00000000fff78020,0x00000000fff80000)
  to   space 16896K, 0% used [0x00000000fdf00000,0x00000000fdf00000,0x00000000fef80000)
 ParOldGen       total 72192K, used 60840K [0x00000000d0000000, 0x00000000d4680000, 0x00000000f0000000)
  object space 72192K, 84% used [0x00000000d0000000,0x00000000d3b6a148,0x00000000d4680000)
 Metaspace       used 52059K, capacity 53380K, committed 53504K, reserved 1095680K
  class space    used 5975K, capacity 6387K, committed 6400K, reserved 1048576K
}
Event: 12.307 GC heap before
{Heap before GC invocations=54 (full 5):
 PSYoungGen      total 242176K, used 242144K [0x00000000f0000000, 0x0000000100000000, 0x0000000100000000)
  eden space 228352K, 100% used [0x00000000f0000000,0x00000000fdf00000,0x00000000fdf00000)
  from space 13824K, 99% used [0x00000000ff200000,0x00000000fff78020,0x00000000fff80000)
  to   space 16896K, 0% used [0x00000000fdf00000,0x00000000fdf00000,0x00000000fef80000)
 ParOldGen       total 72192K, used 60840K [0x00000000d0000000, 0x00000000d4680000, 0x00000000f0000000)
  object space 72192K, 84% used [0x00000000d0000000,0x00000000d3b6a148,0x00000000d4680000)
 Metaspace       used 54609K, capacity 55964K, committed 56192K, reserved 1099776K
  class space    used 6270K, capacity 6711K, committed 6784K, reserved 1048576K
Event: 12.321 GC heap after
Heap after GC invocations=54 (full 5):
 PSYoungGen      total 245248K, used 16881K [0x00000000f0000000, 0x0000000100000000, 0x0000000100000000)
  eden space 228352K, 0% used [0x00000000f0000000,0x00000000f0000000,0x00000000fdf00000)
  from space 16896K, 99% used [0x00000000fdf00000,0x00000000fef7c5a8,0x00000000fef80000)
  to   space 16896K, 0% used [0x00000000fef80000,0x00000000fef80000,0x0000000100000000)
 ParOldGen       total 72192K, used 71723K [0x00000000d0000000, 0x00000000d4680000, 0x00000000f0000000)
  object space 72192K, 99% used [0x00000000d0000000,0x00000000d460ac18,0x00000000d4680000)
 Metaspace       used 54609K, capacity 55964K, committed 56192K, reserved 1099776K
  class space    used 6270K, capacity 6711K, committed 6784K, reserved 1048576K
}
Event: 12.321 GC heap before
{Heap before GC invocations=55 (full 6):
 PSYoungGen      total 245248K, used 16881K [0x00000000f0000000, 0x0000000100000000, 0x0000000100000000)
  eden space 228352K, 0% used [0x00000000f0000000,0x00000000f0000000,0x00000000fdf00000)
  from space 16896K, 99% used [0x00000000fdf00000,0x00000000fef7c5a8,0x00000000fef80000)
  to   space 16896K, 0% used [0x00000000fef80000,0x00000000fef80000,0x0000000100000000)
 ParOldGen       total 72192K, used 71723K [0x00000000d0000000, 0x00000000d4680000, 0x00000000f0000000)
  object space 72192K, 99% used [0x00000000d0000000,0x00000000d460ac18,0x00000000d4680000)
 Metaspace       used 54609K, capacity 55964K, committed 56192K, reserved 1099776K
  class space    used 6270K, capacity 6711K, committed 6784K, reserved 1048576K
Event: 13.075 GC heap after
Heap after GC invocations=55 (full 6):
 PSYoungGen      total 245248K, used 14224K [0x00000000f0000000, 0x0000000100000000, 0x0000000100000000)
  eden space 228352K, 0% used [0x00000000f0000000,0x00000000f0000000,0x00000000fdf00000)
  from space 16896K, 84% used [0x00000000fdf00000,0x00000000fece41b0,0x00000000fef80000)
  to   space 16896K, 0% used [0x00000000fef80000,0x00000000fef80000,0x0000000100000000)
 ParOldGen       total 88576K, used 72081K [0x00000000d0000000, 0x00000000d5680000, 0x00000000f0000000)
  object space 88576K, 81% used [0x00000000d0000000,0x00000000d46645b0,0x00000000d5680000)
 Metaspace       used 54609K, capacity 55964K, committed 56192K, reserved 1099776K
  class space    used 6270K, capacity 6711K, committed 6784K, reserved 1048576K
}
Event: 13.664 GC heap before
{Heap before GC invocations=56 (full 6):
 PSYoungGen      total 245248K, used 242576K [0x00000000f0000000, 0x0000000100000000, 0x0000000100000000)
  eden space 228352K, 100% used [0x00000000f0000000,0x00000000fdf00000,0x00000000fdf00000)
  from space 16896K, 84% used [0x00000000fdf00000,0x00000000fece41b0,0x00000000fef80000)
  to   space 16896K, 0% used [0x00000000fef80000,0x00000000fef80000,0x0000000100000000)
 ParOldGen       total 88576K, used 72081K [0x00000000d0000000, 0x00000000d5680000, 0x00000000f0000000)
  object space 88576K, 81% used [0x00000000d0000000,0x00000000d46645b0,0x00000000d5680000)
 Metaspace       used 55645K, capacity 57006K, committed 57344K, reserved 1099776K
  class space    used 6444K, capacity 6889K, committed 6912K, reserved 1048576K
Event: 13.705 GC heap after
Heap after GC invocations=56 (full 6):
 PSYoungGen      total 225792K, used 16880K [0x00000000f0000000, 0x0000000100000000, 0x0000000100000000)
  eden space 208896K, 0% used [0x00000000f0000000,0x00000000f0000000,0x00000000fcc00000)
  from space 16896K, 99% used [0x00000000fef80000,0x00000000ffffc2d8,0x0000000100000000)
  to   space 26624K, 0% used [0x00000000fcc00000,0x00000000fcc00000,0x00000000fe600000)
 ParOldGen       total 88576K, used 76179K [0x00000000d0000000, 0x00000000d5680000, 0x00000000f0000000)
  object space 88576K, 86% used [0x00000000d0000000,0x00000000d4a64cb0,0x00000000d5680000)
 Metaspace       used 55645K, capacity 57006K, committed 57344K, reserved 1099776K
  class space    used 6444K, capacity 6889K, committed 6912K, reserved 1048576K
}

