# JRE version: Java(TM) SE Runtime Environment (8.0_11-b12) (build 1.8.0_11-b12)
# Java VM: Java HotSpot(TM) 64-Bit Server VM (25.11-b03 mixed mode windows-amd64 compressed oops)
Heap:
 PSYoungGen      total 232448K, used 232352K [0x00000000f0000000, 0x0000000100000000, 0x0000000100000000)
  eden space 209920K, 100% used [0x00000000f0000000,0x00000000fcd00000,0x00000000fcd00000)
  from space 22528K, 99% used [0x00000000fcd00000,0x00000000fe2e8220,0x00000000fe300000)
  to   space 29184K, 19% used [0x00000000fe380000,0x00000000fe910010,0x0000000100000000)
 ParOldGen       total 90112K, used 80346K [0x00000000d0000000, 0x00000000d5800000, 0x00000000f0000000)
  object space 90112K, 89% used [0x00000000d0000000,0x00000000d4e76b28,0x00000000d5800000)
 Metaspace       used 59691K, capacity 61450K, committed 61568K, reserved 1103872K
  class space    used 6928K, capacity 7453K, committed 7552K, reserved 1048576K
GC Heap History (10 events):
Event: 12.130 GC heap before
{Heap before GC invocations=53 (full 5):
 PSYoungGen      total 245248K, used 236376K [0x00000000f0000000, 0x00000000fff00000, 0x0000000100000000)
  eden space 229888K, 100% used [0x00000000f0000000,0x00000000fe080000,0x00000000fe080000)
  from space 15360K, 42% used [0x00000000fe080000,0x00000000fe6d6310,0x00000000fef80000)
  to   space 14848K, 0% used [0x00000000ff080000,0x00000000ff080000,0x00000000fff00000)
 ParOldGen       total 75776K, used 62713K [0x00000000d0000000, 0x00000000d4a00000, 0x00000000f0000000)
  object space 75776K, 82% used [0x00000000d0000000,0x00000000d3d3e740,0x00000000d4a00000)
 Metaspace       used 52692K, capacity 54024K, committed 54272K, reserved 1097728K
  class space    used 5958K, capacity 6358K, committed 6400K, reserved 1048576K
Event: 12.158 GC heap after
Heap after GC invocations=53 (full 5):
 PSYoungGen      total 243200K, used 13091K [0x00000000f0000000, 0x0000000100000000, 0x0000000100000000)
  eden space 228352K, 0% used [0x00000000f0000000,0x00000000f0000000,0x00000000fdf00000)
  from space 14848K, 88% used [0x00000000ff080000,0x00000000ffd48f60,0x00000000fff00000)
  to   space 16896K, 0% used [0x00000000fdf00000,0x00000000fdf00000,0x00000000fef80000)
 ParOldGen       total 75776K, used 62721K [0x00000000d0000000, 0x00000000d4a00000, 0x00000000f0000000)
  object space 75776K, 82% used [0x00000000d0000000,0x00000000d3d40740,0x00000000d4a00000)
 Metaspace       used 52692K, capacity 54024K, committed 54272K, reserved 1097728K
  class space    used 5958K, capacity 6358K, committed 6400K, reserved 1048576K
}
Event: 13.161 GC heap before
{Heap before GC invocations=54 (full 5):
 PSYoungGen      total 243200K, used 241443K [0x00000000f0000000, 0x0000000100000000, 0x0000000100000000)
  eden space 228352K, 100% used [0x00000000f0000000,0x00000000fdf00000,0x00000000fdf00000)
  from space 14848K, 88% used [0x00000000ff080000,0x00000000ffd48f60,0x00000000fff00000)
  to   space 16896K, 0% used [0x00000000fdf00000,0x00000000fdf00000,0x00000000fef80000)
 ParOldGen       total 75776K, used 62721K [0x00000000d0000000, 0x00000000d4a00000, 0x00000000f0000000)
  object space 75776K, 82% used [0x00000000d0000000,0x00000000d3d40740,0x00000000d4a00000)
 Metaspace       used 54449K, capacity 55822K, committed 55936K, reserved 1099776K
  class space    used 6120K, capacity 6528K, committed 6528K, reserved 1048576K
Event: 13.178 GC heap after
Heap after GC invocations=54 (full 5):
 PSYoungGen      total 245248K, used 16886K [0x00000000f0000000, 0x0000000100000000, 0x0000000100000000)
  eden space 228352K, 0% used [0x00000000f0000000,0x00000000f0000000,0x00000000fdf00000)
  from space 16896K, 99% used [0x00000000fdf00000,0x00000000fef7d8b0,0x00000000fef80000)
  to   space 16896K, 0% used [0x00000000fef80000,0x00000000fef80000,0x0000000100000000)
 ParOldGen       total 75776K, used 69836K [0x00000000d0000000, 0x00000000d4a00000, 0x00000000f0000000)
  object space 75776K, 92% used [0x00000000d0000000,0x00000000d44332c0,0x00000000d4a00000)
 Metaspace       used 54449K, capacity 55822K, committed 55936K, reserved 1099776K
  class space    used 6120K, capacity 6528K, committed 6528K, reserved 1048576K
}
Event: 13.178 GC heap before
{Heap before GC invocations=55 (full 6):
 PSYoungGen      total 245248K, used 16886K [0x00000000f0000000, 0x0000000100000000, 0x0000000100000000)
  eden space 228352K, 0% used [0x00000000f0000000,0x00000000f0000000,0x00000000fdf00000)
  from space 16896K, 99% used [0x00000000fdf00000,0x00000000fef7d8b0,0x00000000fef80000)
  to   space 16896K, 0% used [0x00000000fef80000,0x00000000fef80000,0x0000000100000000)
 ParOldGen       total 75776K, used 69836K [0x00000000d0000000, 0x00000000d4a00000, 0x00000000f0000000)
  object space 75776K, 92% used [0x00000000d0000000,0x00000000d44332c0,0x00000000d4a00000)
 Metaspace       used 54449K, capacity 55822K, committed 55936K, reserved 1099776K
  class space    used 6120K, capacity 6528K, committed 6528K, reserved 1048576K
Event: 14.068 GC heap after
Heap after GC invocations=55 (full 6):
 PSYoungGen      total 245248K, used 9110K [0x00000000f0000000, 0x0000000100000000, 0x0000000100000000)
  eden space 228352K, 0% used [0x00000000f0000000,0x00000000f0000000,0x00000000fdf00000)
  from space 16896K, 53% used [0x00000000fdf00000,0x00000000fe7e5b28,0x00000000fef80000)
  to   space 16896K, 0% used [0x00000000fef80000,0x00000000fef80000,0x0000000100000000)
 ParOldGen       total 90112K, used 75724K [0x00000000d0000000, 0x00000000d5800000, 0x00000000f0000000)
  object space 90112K, 84% used [0x00000000d0000000,0x00000000d49f32b8,0x00000000d5800000)
 Metaspace       used 54449K, capacity 55822K, committed 55936K, reserved 1099776K
  class space    used 6120K, capacity 6528K, committed 6528K, reserved 1048576K
}
Event: 14.967 GC heap before
{Heap before GC invocations=56 (full 6):
 PSYoungGen      total 245248K, used 237462K [0x00000000f0000000, 0x0000000100000000, 0x0000000100000000)
  eden space 228352K, 100% used [0x00000000f0000000,0x00000000fdf00000,0x00000000fdf00000)
  from space 16896K, 53% used [0x00000000fdf00000,0x00000000fe7e5b28,0x00000000fef80000)
  to   space 16896K, 0% used [0x00000000fef80000,0x00000000fef80000,0x0000000100000000)
 ParOldGen       total 90112K, used 75724K [0x00000000d0000000, 0x00000000d5800000, 0x00000000f0000000)
  object space 90112K, 84% used [0x00000000d0000000,0x00000000d49f32b8,0x00000000d5800000)
 Metaspace       used 56543K, capacity 57976K, committed 58112K, reserved 1099776K
  class space    used 6453K, capacity 6900K, committed 6912K, reserved 1048576K
Event: 15.011 GC heap after
Heap after GC invocations=56 (full 6):
 PSYoungGen      total 226816K, used 16881K [0x00000000f0000000, 0x0000000100000000, 0x0000000100000000)
  eden space 209920K, 0% used [0x00000000f0000000,0x00000000f0000000,0x00000000fcd00000)
  from space 16896K, 99% used [0x00000000fef80000,0x00000000ffffc470,0x0000000100000000)
  to   space 26112K, 0% used [0x00000000fcd00000,0x00000000fcd00000,0x00000000fe680000)
 ParOldGen       total 90112K, used 80338K [0x00000000d0000000, 0x00000000d5800000, 0x00000000f0000000)
  object space 90112K, 89% used [0x00000000d0000000,0x00000000d4e74b28,0x00000000d5800000)
 Metaspace       used 56543K, capacity 57976K, committed 58112K, reserved 1099776K
  class space    used 6453K, capacity 6900K, committed 6912K, reserved 1048576K
}
Event: 15.470 GC heap before
{Heap before GC invocations=57 (full 6):
 PSYoungGen      total 226816K, used 226801K [0x00000000f0000000, 0x0000000100000000, 0x0000000100000000)
  eden space 209920K, 100% used [0x00000000f0000000,0x00000000fcd00000,0x00000000fcd00000)
  from space 16896K, 99% used [0x00000000fef80000,0x00000000ffffc470,0x0000000100000000)
  to   space 26112K, 0% used [0x00000000fcd00000,0x00000000fcd00000,0x00000000fe680000)
 ParOldGen       total 90112K, used 80338K [0x00000000d0000000, 0x00000000d5800000, 0x00000000f0000000)
  object space 90112K, 89% used [0x00000000d0000000,0x00000000d4e74b28,0x00000000d5800000)
 Metaspace       used 57824K, capacity 59494K, committed 59648K, reserved 1101824K
  class space    used 6624K, capacity 7121K, committed 7168K, reserved 1048576K
Event: 15.484 GC heap after
Heap after GC invocations=57 (full 6):
 PSYoungGen      total 232448K, used 22432K [0x00000000f0000000, 0x0000000100000000, 0x0000000100000000)
  eden space 209920K, 0% used [0x00000000f0000000,0x00000000f0000000,0x00000000fcd00000)
  from space 22528K, 99% used [0x00000000fcd00000,0x00000000fe2e8220,0x00000000fe300000)
  to   space 29184K, 0% used [0x00000000fe380000,0x00000000fe380000,0x0000000100000000)
 ParOldGen       total 90112K, used 80346K [0x00000000d0000000, 0x00000000d5800000, 0x00000000f0000000)
  object space 90112K, 89% used [0x00000000d0000000,0x00000000d4e76b28,0x00000000d5800000)
 Metaspace       used 57824K, capacity 59494K, committed 59648K, reserved 1101824K
  class space    used 6624K, capacity 7121K, committed 7168K, reserved 1048576K
}

