# JRE version: Java(TM) SE Runtime Environment (8.0_11-b12) (build 1.8.0_11-b12)
# Java VM: Java HotSpot(TM) 64-Bit Server VM (25.11-b03 mixed mode windows-amd64 compressed oops)
Heap:
 PSYoungGen      total 234496K, used 194179K [0x00000000f0000000, 0x0000000100000000, 0x0000000100000000)
  eden space 223232K, 85% used [0x00000000f0000000,0x00000000fba34ea0,0x00000000fda00000)
  from space 11264K, 31% used [0x00000000ff500000,0x00000000ff86c060,0x0000000100000000)
  to   space 19456K, 0% used [0x00000000fda00000,0x00000000fda00000,0x00000000fed00000)
 ParOldGen       total 106496K, used 88886K [0x00000000d0000000, 0x00000000d6800000, 0x00000000f0000000)
  object space 106496K, 83% used [0x00000000d0000000,0x00000000d56cd958,0x00000000d6800000)
 Metaspace       used 57075K, capacity 58508K, committed 58728K, reserved 1101824K
  class space    used 6488K, capacity 6930K, committed 7040K, reserved 1048576K
GC Heap History (10 events):
Event: 11.213 GC heap before
{Heap before GC invocations=49 (full 5):
 PSYoungGen      total 252928K, used 245711K [0x00000000f0000000, 0x0000000100000000, 0x0000000100000000)
  eden space 244736K, 97% used [0x00000000f0000000,0x00000000fe8f3b38,0x00000000fef00000)
  from space 8192K, 87% used [0x00000000fef00000,0x00000000ff600118,0x00000000ff700000)
  to   space 9216K, 0% used [0x00000000ff700000,0x00000000ff700000,0x0000000100000000)
 ParOldGen       total 74752K, used 61910K [0x00000000d0000000, 0x00000000d4900000, 0x00000000f0000000)
  object space 74752K, 82% used [0x00000000d0000000,0x00000000d3c75ae0,0x00000000d4900000)
 Metaspace       used 52522K, capacity 53786K, committed 53992K, reserved 1097728K
  class space    used 5909K, capacity 6312K, committed 6400K, reserved 1048576K
Event: 11.235 GC heap after
Heap after GC invocations=49 (full 5):
 PSYoungGen      total 248832K, used 9188K [0x00000000f0000000, 0x0000000100000000, 0x0000000100000000)
  eden space 239616K, 0% used [0x00000000f0000000,0x00000000f0000000,0x00000000fea00000)
  from space 9216K, 99% used [0x00000000ff700000,0x00000000ffff90f0,0x0000000100000000)
  to   space 11264K, 0% used [0x00000000fea00000,0x00000000fea00000,0x00000000ff500000)
 ParOldGen       total 74752K, used 63577K [0x00000000d0000000, 0x00000000d4900000, 0x00000000f0000000)
  object space 74752K, 85% used [0x00000000d0000000,0x00000000d3e16590,0x00000000d4900000)
 Metaspace       used 52522K, capacity 53786K, committed 53992K, reserved 1097728K
  class space    used 5909K, capacity 6312K, committed 6400K, reserved 1048576K
}
Event: 12.238 GC heap before
{Heap before GC invocations=50 (full 5):
 PSYoungGen      total 248832K, used 248804K [0x00000000f0000000, 0x0000000100000000, 0x0000000100000000)
  eden space 239616K, 100% used [0x00000000f0000000,0x00000000fea00000,0x00000000fea00000)
  from space 9216K, 99% used [0x00000000ff700000,0x00000000ffff90f0,0x0000000100000000)
  to   space 11264K, 0% used [0x00000000fea00000,0x00000000fea00000,0x00000000ff500000)
 ParOldGen       total 74752K, used 63577K [0x00000000d0000000, 0x00000000d4900000, 0x00000000f0000000)
  object space 74752K, 85% used [0x00000000d0000000,0x00000000d3e16590,0x00000000d4900000)
 Metaspace       used 53538K, capacity 54902K, committed 55144K, reserved 1097728K
  class space    used 6037K, capacity 6459K, committed 6528K, reserved 1048576K
Event: 12.266 GC heap after
Heap after GC invocations=50 (full 5):
 PSYoungGen      total 250880K, used 11252K [0x00000000f0000000, 0x0000000100000000, 0x0000000100000000)
  eden space 239616K, 0% used [0x00000000f0000000,0x00000000f0000000,0x00000000fea00000)
  from space 11264K, 99% used [0x00000000fea00000,0x00000000ff4fd030,0x00000000ff500000)
  to   space 11264K, 0% used [0x00000000ff500000,0x00000000ff500000,0x0000000100000000)
 ParOldGen       total 74752K, used 70163K [0x00000000d0000000, 0x00000000d4900000, 0x00000000f0000000)
  object space 74752K, 93% used [0x00000000d0000000,0x00000000d4484e80,0x00000000d4900000)
 Metaspace       used 53538K, capacity 54902K, committed 55144K, reserved 1097728K
  class space    used 6037K, capacity 6459K, committed 6528K, reserved 1048576K
}
Event: 12.266 GC heap before
{Heap before GC invocations=51 (full 6):
 PSYoungGen      total 250880K, used 11252K [0x00000000f0000000, 0x0000000100000000, 0x0000000100000000)
  eden space 239616K, 0% used [0x00000000f0000000,0x00000000f0000000,0x00000000fea00000)
  from space 11264K, 99% used [0x00000000fea00000,0x00000000ff4fd030,0x00000000ff500000)
  to   space 11264K, 0% used [0x00000000ff500000,0x00000000ff500000,0x0000000100000000)
 ParOldGen       total 74752K, used 70163K [0x00000000d0000000, 0x00000000d4900000, 0x00000000f0000000)
  object space 74752K, 93% used [0x00000000d0000000,0x00000000d4484e80,0x00000000d4900000)
 Metaspace       used 53538K, capacity 54902K, committed 55144K, reserved 1097728K
  class space    used 6037K, capacity 6459K, committed 6528K, reserved 1048576K
Event: 13.265 GC heap after
Heap after GC invocations=51 (full 6):
 PSYoungGen      total 250880K, used 4063K [0x00000000f0000000, 0x0000000100000000, 0x0000000100000000)
  eden space 239616K, 0% used [0x00000000f0000000,0x00000000f0000000,0x00000000fea00000)
  from space 11264K, 36% used [0x00000000fea00000,0x00000000fedf7e60,0x00000000ff500000)
  to   space 11264K, 0% used [0x00000000ff500000,0x00000000ff500000,0x0000000100000000)
 ParOldGen       total 89088K, used 74650K [0x00000000d0000000, 0x00000000d5700000, 0x00000000f0000000)
  object space 89088K, 83% used [0x00000000d0000000,0x00000000d48e68e8,0x00000000d5700000)
 Metaspace       used 53538K, capacity 54902K, committed 55144K, reserved 1097728K
  class space    used 6037K, capacity 6459K, committed 6528K, reserved 1048576K
}
Event: 14.434 GC heap before
{Heap before GC invocations=52 (full 6):
 PSYoungGen      total 250880K, used 243679K [0x00000000f0000000, 0x0000000100000000, 0x0000000100000000)
  eden space 239616K, 100% used [0x00000000f0000000,0x00000000fea00000,0x00000000fea00000)
  from space 11264K, 36% used [0x00000000fea00000,0x00000000fedf7e60,0x00000000ff500000)
  to   space 11264K, 0% used [0x00000000ff500000,0x00000000ff500000,0x0000000100000000)
 ParOldGen       total 89088K, used 74650K [0x00000000d0000000, 0x00000000d5700000, 0x00000000f0000000)
  object space 89088K, 83% used [0x00000000d0000000,0x00000000d48e68e8,0x00000000d5700000)
 Metaspace       used 56176K, capacity 57576K, committed 57960K, reserved 1099776K
  class space    used 6341K, capacity 6751K, committed 6784K, reserved 1048576K
Event: 14.462 GC heap after
Heap after GC invocations=52 (full 6):
 PSYoungGen      total 234496K, used 11232K [0x00000000f0000000, 0x0000000100000000, 0x0000000100000000)
  eden space 223232K, 0% used [0x00000000f0000000,0x00000000f0000000,0x00000000fda00000)
  from space 11264K, 99% used [0x00000000ff500000,0x00000000ffff82f8,0x0000000100000000)
  to   space 19456K, 0% used [0x00000000fda00000,0x00000000fda00000,0x00000000fed00000)
 ParOldGen       total 89088K, used 82493K [0x00000000d0000000, 0x00000000d5700000, 0x00000000f0000000)
  object space 89088K, 92% used [0x00000000d0000000,0x00000000d508f548,0x00000000d5700000)
 Metaspace       used 56176K, capacity 57576K, committed 57960K, reserved 1099776K
  class space    used 6341K, capacity 6751K, committed 6784K, reserved 1048576K
}
Event: 14.462 GC heap before
{Heap before GC invocations=53 (full 7):
 PSYoungGen      total 234496K, used 11232K [0x00000000f0000000, 0x0000000100000000, 0x0000000100000000)
  eden space 223232K, 0% used [0x00000000f0000000,0x00000000f0000000,0x00000000fda00000)
  from space 11264K, 99% used [0x00000000ff500000,0x00000000ffff82f8,0x0000000100000000)
  to   space 19456K, 0% used [0x00000000fda00000,0x00000000fda00000,0x00000000fed00000)
 ParOldGen       total 89088K, used 82493K [0x00000000d0000000, 0x00000000d5700000, 0x00000000f0000000)
  object space 89088K, 92% used [0x00000000d0000000,0x00000000d508f548,0x00000000d5700000)
 Metaspace       used 56176K, capacity 57576K, committed 57960K, reserved 1099776K
  class space    used 6341K, capacity 6751K, committed 6784K, reserved 1048576K
Event: 14.968 GC heap after
Heap after GC invocations=53 (full 7):
 PSYoungGen      total 234496K, used 3504K [0x00000000f0000000, 0x0000000100000000, 0x0000000100000000)
  eden space 223232K, 0% used [0x00000000f0000000,0x00000000f0000000,0x00000000fda00000)
  from space 11264K, 31% used [0x00000000ff500000,0x00000000ff86c060,0x0000000100000000)
  to   space 19456K, 0% used [0x00000000fda00000,0x00000000fda00000,0x00000000fed00000)
 ParOldGen       total 106496K, used 88886K [0x00000000d0000000, 0x00000000d6800000, 0x00000000f0000000)
  object space 106496K, 83% used [0x00000000d0000000,0x00000000d56cd958,0x00000000d6800000)
 Metaspace       used 56176K, capacity 57576K, committed 57960K, reserved 1099776K
  class space    used 6341K, capacity 6751K, committed 6784K, reserved 1048576K
}

