# JRE version: Java(TM) SE Runtime Environment (8.0_11-b12) (build 1.8.0_11-b12)
# Java VM: Java HotSpot(TM) 64-Bit Server VM (25.11-b03 mixed mode windows-amd64 compressed oops)
Heap:
 PSYoungGen      total 218624K, used 45618K [0x00000000f0000000, 0x0000000100000000, 0x0000000100000000)
  eden space 189440K, 8% used [0x00000000f0000000,0x00000000f1010170,0x00000000fb900000)
  from space 29184K, 99% used [0x00000000fe380000,0x00000000ffffc748,0x0000000100000000)
  to   space 36352K, 0% used [0x00000000fb900000,0x00000000fb900000,0x00000000fdc80000)
 ParOldGen       total 76800K, used 63504K [0x00000000d0000000, 0x00000000d4b00000, 0x00000000f0000000)
  object space 76800K, 82% used [0x00000000d0000000,0x00000000d3e04090,0x00000000d4b00000)
 Metaspace       used 56088K, capacity 57502K, committed 57600K, reserved 1099776K
  class space    used 6434K, capacity 6894K, committed 6912K, reserved 1048576K
GC Heap History (10 events):
Event: 10.093 GC heap before
{Heap before GC invocations=49 (full 4):
 PSYoungGen      total 239104K, used 234353K [0x00000000f0000000, 0x0000000100000000, 0x0000000100000000)
  eden space 219136K, 100% used [0x00000000f0000000,0x00000000fd600000,0x00000000fd600000)
  from space 19968K, 76% used [0x00000000fec80000,0x00000000ffb5c5e8,0x0000000100000000)
  to   space 21504K, 0% used [0x00000000fd600000,0x00000000fd600000,0x00000000feb00000)
 ParOldGen       total 64000K, used 50572K [0x00000000d0000000, 0x00000000d3e80000, 0x00000000f0000000)
  object space 64000K, 79% used [0x00000000d0000000,0x00000000d3163270,0x00000000d3e80000)
 Metaspace       used 51362K, capacity 52744K, committed 52864K, reserved 1095680K
  class space    used 5828K, capacity 6245K, committed 6272K, reserved 1048576K
Event: 10.125 GC heap after
Heap after GC invocations=49 (full 4):
 PSYoungGen      total 237568K, used 18393K [0x00000000f0000000, 0x0000000100000000, 0x0000000100000000)
  eden space 219136K, 0% used [0x00000000f0000000,0x00000000f0000000,0x00000000fd600000)
  from space 18432K, 99% used [0x00000000fd600000,0x00000000fe7f64c0,0x00000000fe800000)
  to   space 24064K, 0% used [0x00000000fe880000,0x00000000fe880000,0x0000000100000000)
 ParOldGen       total 64000K, used 50580K [0x00000000d0000000, 0x00000000d3e80000, 0x00000000f0000000)
  object space 64000K, 79% used [0x00000000d0000000,0x00000000d3165270,0x00000000d3e80000)
 Metaspace       used 51362K, capacity 52744K, committed 52864K, reserved 1095680K
  class space    used 5828K, capacity 6245K, committed 6272K, reserved 1048576K
}
Event: 10.840 GC heap before
{Heap before GC invocations=50 (full 4):
 PSYoungGen      total 237568K, used 237529K [0x00000000f0000000, 0x0000000100000000, 0x0000000100000000)
  eden space 219136K, 100% used [0x00000000f0000000,0x00000000fd600000,0x00000000fd600000)
  from space 18432K, 99% used [0x00000000fd600000,0x00000000fe7f64c0,0x00000000fe800000)
  to   space 24064K, 0% used [0x00000000fe880000,0x00000000fe880000,0x0000000100000000)
 ParOldGen       total 64000K, used 50580K [0x00000000d0000000, 0x00000000d3e80000, 0x00000000f0000000)
  object space 64000K, 79% used [0x00000000d0000000,0x00000000d3165270,0x00000000d3e80000)
 Metaspace       used 52476K, capacity 53858K, committed 54016K, reserved 1097728K
  class space    used 5965K, capacity 6389K, committed 6400K, reserved 1048576K
Event: 10.857 GC heap after
Heap after GC invocations=50 (full 4):
 PSYoungGen      total 229888K, used 24040K [0x00000000f0000000, 0x0000000100000000, 0x0000000100000000)
  eden space 205824K, 0% used [0x00000000f0000000,0x00000000f0000000,0x00000000fc900000)
  from space 24064K, 99% used [0x00000000fe880000,0x00000000ffffa398,0x0000000100000000)
  to   space 28160K, 0% used [0x00000000fc900000,0x00000000fc900000,0x00000000fe480000)
 ParOldGen       total 64000K, used 51390K [0x00000000d0000000, 0x00000000d3e80000, 0x00000000f0000000)
  object space 64000K, 80% used [0x00000000d0000000,0x00000000d322fb10,0x00000000d3e80000)
 Metaspace       used 52476K, capacity 53858K, committed 54016K, reserved 1097728K
  class space    used 5965K, capacity 6389K, committed 6400K, reserved 1048576K
}
Event: 11.647 GC heap before
{Heap before GC invocations=51 (full 4):
 PSYoungGen      total 229888K, used 229864K [0x00000000f0000000, 0x0000000100000000, 0x0000000100000000)
  eden space 205824K, 100% used [0x00000000f0000000,0x00000000fc900000,0x00000000fc900000)
  from space 24064K, 99% used [0x00000000fe880000,0x00000000ffffa398,0x0000000100000000)
  to   space 28160K, 0% used [0x00000000fc900000,0x00000000fc900000,0x00000000fe480000)
 ParOldGen       total 64000K, used 51390K [0x00000000d0000000, 0x00000000d3e80000, 0x00000000f0000000)
  object space 64000K, 80% used [0x00000000d0000000,0x00000000d322fb10,0x00000000d3e80000)
 Metaspace       used 54087K, capacity 55414K, committed 55680K, reserved 1097728K
  class space    used 6114K, capacity 6524K, committed 6528K, reserved 1048576K
Event: 11.684 GC heap after
Heap after GC invocations=51 (full 4):
 PSYoungGen      total 232960K, used 27028K [0x00000000f0000000, 0x0000000100000000, 0x0000000100000000)
  eden space 205824K, 0% used [0x00000000f0000000,0x00000000f0000000,0x00000000fc900000)
  from space 27136K, 99% used [0x00000000fc900000,0x00000000fe365180,0x00000000fe380000)
  to   space 29184K, 0% used [0x00000000fe380000,0x00000000fe380000,0x0000000100000000)
 ParOldGen       total 64000K, used 59022K [0x00000000d0000000, 0x00000000d3e80000, 0x00000000f0000000)
  object space 64000K, 92% used [0x00000000d0000000,0x00000000d39a3858,0x00000000d3e80000)
 Metaspace       used 54087K, capacity 55414K, committed 55680K, reserved 1097728K
  class space    used 6114K, capacity 6524K, committed 6528K, reserved 1048576K
}
Event: 11.684 GC heap before
{Heap before GC invocations=52 (full 5):
 PSYoungGen      total 232960K, used 27028K [0x00000000f0000000, 0x0000000100000000, 0x0000000100000000)
  eden space 205824K, 0% used [0x00000000f0000000,0x00000000f0000000,0x00000000fc900000)
  from space 27136K, 99% used [0x00000000fc900000,0x00000000fe365180,0x00000000fe380000)
  to   space 29184K, 0% used [0x00000000fe380000,0x00000000fe380000,0x0000000100000000)
 ParOldGen       total 64000K, used 59022K [0x00000000d0000000, 0x00000000d3e80000, 0x00000000f0000000)
  object space 64000K, 92% used [0x00000000d0000000,0x00000000d39a3858,0x00000000d3e80000)
 Metaspace       used 54087K, capacity 55414K, committed 55680K, reserved 1097728K
  class space    used 6114K, capacity 6524K, committed 6528K, reserved 1048576K
Event: 12.379 GC heap after
Heap after GC invocations=52 (full 5):
 PSYoungGen      total 232960K, used 19589K [0x00000000f0000000, 0x0000000100000000, 0x0000000100000000)
  eden space 205824K, 0% used [0x00000000f0000000,0x00000000f0000000,0x00000000fc900000)
  from space 27136K, 72% used [0x00000000fc900000,0x00000000fdc21670,0x00000000fe380000)
  to   space 29184K, 0% used [0x00000000fe380000,0x00000000fe380000,0x0000000100000000)
 ParOldGen       total 76800K, used 63496K [0x00000000d0000000, 0x00000000d4b00000, 0x00000000f0000000)
  object space 76800K, 82% used [0x00000000d0000000,0x00000000d3e02090,0x00000000d4b00000)
 Metaspace       used 54087K, capacity 55414K, committed 55680K, reserved 1097728K
  class space    used 6114K, capacity 6524K, committed 6528K, reserved 1048576K
}
Event: 13.067 GC heap before
{Heap before GC invocations=53 (full 5):
 PSYoungGen      total 232960K, used 225413K [0x00000000f0000000, 0x0000000100000000, 0x0000000100000000)
  eden space 205824K, 100% used [0x00000000f0000000,0x00000000fc900000,0x00000000fc900000)
  from space 27136K, 72% used [0x00000000fc900000,0x00000000fdc21670,0x00000000fe380000)
  to   space 29184K, 0% used [0x00000000fe380000,0x00000000fe380000,0x0000000100000000)
 ParOldGen       total 76800K, used 63496K [0x00000000d0000000, 0x00000000d4b00000, 0x00000000f0000000)
  object space 76800K, 82% used [0x00000000d0000000,0x00000000d3e02090,0x00000000d4b00000)
 Metaspace       used 56006K, capacity 57420K, committed 57600K, reserved 1099776K
  class space    used 6421K, capacity 6890K, committed 6912K, reserved 1048576K
Event: 13.094 GC heap after
Heap after GC invocations=53 (full 5):
 PSYoungGen      total 218624K, used 29169K [0x00000000f0000000, 0x0000000100000000, 0x0000000100000000)
  eden space 189440K, 0% used [0x00000000f0000000,0x00000000f0000000,0x00000000fb900000)
  from space 29184K, 99% used [0x00000000fe380000,0x00000000ffffc748,0x0000000100000000)
  to   space 36352K, 0% used [0x00000000fb900000,0x00000000fb900000,0x00000000fdc80000)
 ParOldGen       total 76800K, used 63504K [0x00000000d0000000, 0x00000000d4b00000, 0x00000000f0000000)
  object space 76800K, 82% used [0x00000000d0000000,0x00000000d3e04090,0x00000000d4b00000)
 Metaspace       used 56006K, capacity 57420K, committed 57600K, reserved 1099776K
  class space    used 6421K, capacity 6890K, committed 6912K, reserved 1048576K
}

