# JRE version: Java(TM) SE Runtime Environment (8.0_11-b12) (build 1.8.0_11-b12)
# Java VM: Java HotSpot(TM) 64-Bit Server VM (25.11-b03 mixed mode windows-amd64 compressed oops)
Heap:
 PSYoungGen      total 240128K, used 148955K [0x00000000f0000000, 0x0000000100000000, 0x0000000100000000)
  eden space 224256K, 59% used [0x00000000f0000000,0x00000000f81fe058,0x00000000fdb00000)
  from space 15872K, 99% used [0x00000000fdb00000,0x00000000fea78bc8,0x00000000fea80000)
  to   space 18944K, 0% used [0x00000000fed80000,0x00000000fed80000,0x0000000100000000)
 ParOldGen       total 88064K, used 73872K [0x00000000d0000000, 0x00000000d5600000, 0x00000000f0000000)
  object space 88064K, 83% used [0x00000000d0000000,0x00000000d4824158,0x00000000d5600000)
 Metaspace       used 56103K, capacity 57474K, committed 57600K, reserved 1099776K
  class space    used 6436K, capacity 6890K, committed 6912K, reserved 1048576K
GC Heap History (10 events):
Event: 10.220 GC heap before
{Heap before GC invocations=55 (full 5):
 PSYoungGen      total 214528K, used 206852K [0x00000000f0000000, 0x00000000fe600000, 0x0000000100000000)
  eden space 204800K, 98% used [0x00000000f0000000,0x00000000fc504dc8,0x00000000fc800000)
  from space 9728K, 52% used [0x00000000fc800000,0x00000000fccfc458,0x00000000fd180000)
  to   space 9728K, 0% used [0x00000000fdc80000,0x00000000fdc80000,0x00000000fe600000)
 ParOldGen       total 72704K, used 58989K [0x00000000d0000000, 0x00000000d4700000, 0x00000000f0000000)
  object space 72704K, 81% used [0x00000000d0000000,0x00000000d399b680,0x00000000d4700000)
 Metaspace       used 50797K, capacity 52112K, committed 52352K, reserved 1095680K
  class space    used 5743K, capacity 6145K, committed 6272K, reserved 1048576K
Event: 10.247 GC heap after
Heap after GC invocations=55 (full 5):
 PSYoungGen      total 225280K, used 7454K [0x00000000f0000000, 0x00000000fe780000, 0x0000000100000000)
  eden space 215552K, 0% used [0x00000000f0000000,0x00000000f0000000,0x00000000fd280000)
  from space 9728K, 76% used [0x00000000fdc80000,0x00000000fe3c7bc8,0x00000000fe600000)
  to   space 10240K, 0% used [0x00000000fd280000,0x00000000fd280000,0x00000000fdc80000)
 ParOldGen       total 72704K, used 58997K [0x00000000d0000000, 0x00000000d4700000, 0x00000000f0000000)
  object space 72704K, 81% used [0x00000000d0000000,0x00000000d399d680,0x00000000d4700000)
 Metaspace       used 50797K, capacity 52112K, committed 52352K, reserved 1095680K
  class space    used 5743K, capacity 6145K, committed 6272K, reserved 1048576K
}
Event: 10.702 GC heap before
{Heap before GC invocations=56 (full 5):
 PSYoungGen      total 225280K, used 220059K [0x00000000f0000000, 0x00000000fe780000, 0x0000000100000000)
  eden space 215552K, 98% used [0x00000000f0000000,0x00000000fcf9f1e0,0x00000000fd280000)
  from space 9728K, 76% used [0x00000000fdc80000,0x00000000fe3c7bc8,0x00000000fe600000)
  to   space 10240K, 0% used [0x00000000fd280000,0x00000000fd280000,0x00000000fdc80000)
 ParOldGen       total 72704K, used 58997K [0x00000000d0000000, 0x00000000d4700000, 0x00000000f0000000)
  object space 72704K, 81% used [0x00000000d0000000,0x00000000d399d680,0x00000000d4700000)
 Metaspace       used 51863K, capacity 53174K, committed 53504K, reserved 1095680K
  class space    used 5892K, capacity 6306K, committed 6400K, reserved 1048576K
Event: 10.726 GC heap after
Heap after GC invocations=56 (full 5):
 PSYoungGen      total 225792K, used 10212K [0x00000000f0000000, 0x00000000ff600000, 0x0000000100000000)
  eden space 215552K, 0% used [0x00000000f0000000,0x00000000f0000000,0x00000000fd280000)
  from space 10240K, 99% used [0x00000000fd280000,0x00000000fdc79160,0x00000000fdc80000)
  to   space 11776K, 0% used [0x00000000fea80000,0x00000000fea80000,0x00000000ff600000)
 ParOldGen       total 72704K, used 59519K [0x00000000d0000000, 0x00000000d4700000, 0x00000000f0000000)
  object space 72704K, 81% used [0x00000000d0000000,0x00000000d3a1fe00,0x00000000d4700000)
 Metaspace       used 51863K, capacity 53174K, committed 53504K, reserved 1095680K
  class space    used 5892K, capacity 6306K, committed 6400K, reserved 1048576K
}
Event: 11.535 GC heap before
{Heap before GC invocations=57 (full 5):
 PSYoungGen      total 225792K, used 223146K [0x00000000f0000000, 0x00000000ff600000, 0x0000000100000000)
  eden space 215552K, 98% used [0x00000000f0000000,0x00000000fcff16f8,0x00000000fd280000)
  from space 10240K, 99% used [0x00000000fd280000,0x00000000fdc79160,0x00000000fdc80000)
  to   space 11776K, 0% used [0x00000000fea80000,0x00000000fea80000,0x00000000ff600000)
 ParOldGen       total 72704K, used 59519K [0x00000000d0000000, 0x00000000d4700000, 0x00000000f0000000)
  object space 72704K, 81% used [0x00000000d0000000,0x00000000d3a1fe00,0x00000000d4700000)
 Metaspace       used 52865K, capacity 54194K, committed 54400K, reserved 1097728K
  class space    used 6017K, capacity 6421K, committed 6528K, reserved 1048576K
Event: 11.549 GC heap after
Heap after GC invocations=57 (full 5):
 PSYoungGen      total 236032K, used 11760K [0x00000000f0000000, 0x00000000ffc80000, 0x0000000100000000)
  eden space 224256K, 0% used [0x00000000f0000000,0x00000000f0000000,0x00000000fdb00000)
  from space 11776K, 99% used [0x00000000fea80000,0x00000000ff5fc0a0,0x00000000ff600000)
  to   space 15872K, 0% used [0x00000000fdb00000,0x00000000fdb00000,0x00000000fea80000)
 ParOldGen       total 72704K, used 65703K [0x00000000d0000000, 0x00000000d4700000, 0x00000000f0000000)
  object space 72704K, 90% used [0x00000000d0000000,0x00000000d4029c80,0x00000000d4700000)
 Metaspace       used 52865K, capacity 54194K, committed 54400K, reserved 1097728K
  class space    used 6017K, capacity 6421K, committed 6528K, reserved 1048576K
}
Event: 11.549 GC heap before
{Heap before GC invocations=58 (full 6):
 PSYoungGen      total 236032K, used 11760K [0x00000000f0000000, 0x00000000ffc80000, 0x0000000100000000)
  eden space 224256K, 0% used [0x00000000f0000000,0x00000000f0000000,0x00000000fdb00000)
  from space 11776K, 99% used [0x00000000fea80000,0x00000000ff5fc0a0,0x00000000ff600000)
  to   space 15872K, 0% used [0x00000000fdb00000,0x00000000fdb00000,0x00000000fea80000)
 ParOldGen       total 72704K, used 65703K [0x00000000d0000000, 0x00000000d4700000, 0x00000000f0000000)
  object space 72704K, 90% used [0x00000000d0000000,0x00000000d4029c80,0x00000000d4700000)
 Metaspace       used 52865K, capacity 54194K, committed 54400K, reserved 1097728K
  class space    used 6017K, capacity 6421K, committed 6528K, reserved 1048576K
Event: 12.351 GC heap after
Heap after GC invocations=58 (full 6):
 PSYoungGen      total 236032K, used 3040K [0x00000000f0000000, 0x00000000ffc80000, 0x0000000100000000)
  eden space 224256K, 0% used [0x00000000f0000000,0x00000000f0000000,0x00000000fdb00000)
  from space 11776K, 25% used [0x00000000fea80000,0x00000000fed78368,0x00000000ff600000)
  to   space 15872K, 0% used [0x00000000fdb00000,0x00000000fdb00000,0x00000000fea80000)
 ParOldGen       total 88064K, used 72609K [0x00000000d0000000, 0x00000000d5600000, 0x00000000f0000000)
  object space 88064K, 82% used [0x00000000d0000000,0x00000000d46e85f8,0x00000000d5600000)
 Metaspace       used 52865K, capacity 54194K, committed 54400K, reserved 1097728K
  class space    used 6017K, capacity 6421K, committed 6528K, reserved 1048576K
}
Event: 13.287 GC heap before
{Heap before GC invocations=59 (full 6):
 PSYoungGen      total 236032K, used 225815K [0x00000000f0000000, 0x00000000ffc80000, 0x0000000100000000)
  eden space 224256K, 99% used [0x00000000f0000000,0x00000000fd98d988,0x00000000fdb00000)
  from space 11776K, 25% used [0x00000000fea80000,0x00000000fed78368,0x00000000ff600000)
  to   space 15872K, 0% used [0x00000000fdb00000,0x00000000fdb00000,0x00000000fea80000)
 ParOldGen       total 88064K, used 72609K [0x00000000d0000000, 0x00000000d5600000, 0x00000000f0000000)
  object space 88064K, 82% used [0x00000000d0000000,0x00000000d46e85f8,0x00000000d5600000)
 Metaspace       used 55213K, capacity 56618K, committed 56960K, reserved 1099776K
  class space    used 6291K, capacity 6714K, committed 6784K, reserved 1048576K
Event: 13.320 GC heap after
Heap after GC invocations=59 (full 6):
 PSYoungGen      total 240128K, used 15842K [0x00000000f0000000, 0x0000000100000000, 0x0000000100000000)
  eden space 224256K, 0% used [0x00000000f0000000,0x00000000f0000000,0x00000000fdb00000)
  from space 15872K, 99% used [0x00000000fdb00000,0x00000000fea78bc8,0x00000000fea80000)
  to   space 18944K, 0% used [0x00000000fed80000,0x00000000fed80000,0x0000000100000000)
 ParOldGen       total 88064K, used 73872K [0x00000000d0000000, 0x00000000d5600000, 0x00000000f0000000)
  object space 88064K, 83% used [0x00000000d0000000,0x00000000d4824158,0x00000000d5600000)
 Metaspace       used 55213K, capacity 56618K, committed 56960K, reserved 1099776K
  class space    used 6291K, capacity 6714K, committed 6784K, reserved 1048576K
}

