# JRE version: Java(TM) SE Runtime Environment (8.0_11-b12) (build 1.8.0_11-b12)
# Java VM: Java HotSpot(TM) 64-Bit Server VM (25.11-b03 mixed mode windows-amd64 compressed oops)
Heap:
 PSYoungGen      total 230400K, used 117078K [0x00000000f0000000, 0x0000000100000000, 0x0000000100000000)
  eden space 217088K, 52% used [0x00000000f0000000,0x00000000f6f630c8,0x00000000fd400000)
  from space 13312K, 22% used [0x00000000ff300000,0x00000000ff5f2768,0x0000000100000000)
  to   space 22528K, 0% used [0x00000000fd400000,0x00000000fd400000,0x00000000fea00000)
 ParOldGen       total 108032K, used 88855K [0x00000000d0000000, 0x00000000d6980000, 0x00000000f0000000)
  object space 108032K, 82% used [0x00000000d0000000,0x00000000d56c5cd0,0x00000000d6980000)
 Metaspace       used 56830K, capacity 58382K, committed 58496K, reserved 1101824K
  class space    used 6563K, capacity 7036K, committed 7040K, reserved 1048576K
GC Heap History (10 events):
Event: 10.259 GC heap before
{Heap before GC invocations=61 (full 5):
 PSYoungGen      total 244736K, used 241590K [0x00000000f0000000, 0x0000000100000000, 0x0000000100000000)
  eden space 234496K, 100% used [0x00000000f0000000,0x00000000fe500000,0x00000000fe500000)
  from space 10240K, 69% used [0x00000000fe500000,0x00000000febedbe8,0x00000000fef00000)
  to   space 10752K, 0% used [0x00000000ff580000,0x00000000ff580000,0x0000000100000000)
 ParOldGen       total 73216K, used 60391K [0x00000000d0000000, 0x00000000d4780000, 0x00000000f0000000)
  object space 73216K, 82% used [0x00000000d0000000,0x00000000d3af9cd8,0x00000000d4780000)
 Metaspace       used 52283K, capacity 53602K, committed 53760K, reserved 1097728K
  class space    used 5979K, capacity 6355K, committed 6400K, reserved 1048576K
Event: 10.289 GC heap after
Heap after GC invocations=61 (full 5):
 PSYoungGen      total 246272K, used 10720K [0x00000000f0000000, 0x0000000100000000, 0x0000000100000000)
  eden space 235520K, 0% used [0x00000000f0000000,0x00000000f0000000,0x00000000fe600000)
  from space 10752K, 99% used [0x00000000ff580000,0x00000000ffff8020,0x0000000100000000)
  to   space 13312K, 0% used [0x00000000fe600000,0x00000000fe600000,0x00000000ff300000)
 ParOldGen       total 73216K, used 63185K [0x00000000d0000000, 0x00000000d4780000, 0x00000000f0000000)
  object space 73216K, 86% used [0x00000000d0000000,0x00000000d3db46a8,0x00000000d4780000)
 Metaspace       used 52283K, capacity 53602K, committed 53760K, reserved 1097728K
  class space    used 5979K, capacity 6355K, committed 6400K, reserved 1048576K
}
Event: 11.159 GC heap before
{Heap before GC invocations=62 (full 5):
 PSYoungGen      total 246272K, used 238063K [0x00000000f0000000, 0x0000000100000000, 0x0000000100000000)
  eden space 235520K, 96% used [0x00000000f0000000,0x00000000fde03f20,0x00000000fe600000)
  from space 10752K, 99% used [0x00000000ff580000,0x00000000ffff8020,0x0000000100000000)
  to   space 13312K, 0% used [0x00000000fe600000,0x00000000fe600000,0x00000000ff300000)
 ParOldGen       total 73216K, used 63185K [0x00000000d0000000, 0x00000000d4780000, 0x00000000f0000000)
  object space 73216K, 86% used [0x00000000d0000000,0x00000000d3db46a8,0x00000000d4780000)
 Metaspace       used 53933K, capacity 55284K, committed 55552K, reserved 1097728K
  class space    used 6122K, capacity 6551K, committed 6656K, reserved 1048576K
Event: 11.173 GC heap after
Heap after GC invocations=62 (full 5):
 PSYoungGen      total 248832K, used 13297K [0x00000000f0000000, 0x0000000100000000, 0x0000000100000000)
  eden space 235520K, 0% used [0x00000000f0000000,0x00000000f0000000,0x00000000fe600000)
  from space 13312K, 99% used [0x00000000fe600000,0x00000000ff2fc5a8,0x00000000ff300000)
  to   space 13312K, 0% used [0x00000000ff300000,0x00000000ff300000,0x0000000100000000)
 ParOldGen       total 73216K, used 71764K [0x00000000d0000000, 0x00000000d4780000, 0x00000000f0000000)
  object space 73216K, 98% used [0x00000000d0000000,0x00000000d4615370,0x00000000d4780000)
 Metaspace       used 53933K, capacity 55284K, committed 55552K, reserved 1097728K
  class space    used 6122K, capacity 6551K, committed 6656K, reserved 1048576K
}
Event: 11.173 GC heap before
{Heap before GC invocations=63 (full 6):
 PSYoungGen      total 248832K, used 13297K [0x00000000f0000000, 0x0000000100000000, 0x0000000100000000)
  eden space 235520K, 0% used [0x00000000f0000000,0x00000000f0000000,0x00000000fe600000)
  from space 13312K, 99% used [0x00000000fe600000,0x00000000ff2fc5a8,0x00000000ff300000)
  to   space 13312K, 0% used [0x00000000ff300000,0x00000000ff300000,0x0000000100000000)
 ParOldGen       total 73216K, used 71764K [0x00000000d0000000, 0x00000000d4780000, 0x00000000f0000000)
  object space 73216K, 98% used [0x00000000d0000000,0x00000000d4615370,0x00000000d4780000)
 Metaspace       used 53933K, capacity 55284K, committed 55552K, reserved 1097728K
  class space    used 6122K, capacity 6551K, committed 6656K, reserved 1048576K
Event: 12.046 GC heap after
Heap after GC invocations=63 (full 6):
 PSYoungGen      total 248832K, used 10155K [0x00000000f0000000, 0x0000000100000000, 0x0000000100000000)
  eden space 235520K, 0% used [0x00000000f0000000,0x00000000f0000000,0x00000000fe600000)
  from space 13312K, 76% used [0x00000000fe600000,0x00000000fefeac98,0x00000000ff300000)
  to   space 13312K, 0% used [0x00000000ff300000,0x00000000ff300000,0x0000000100000000)
 ParOldGen       total 89088K, used 72902K [0x00000000d0000000, 0x00000000d5700000, 0x00000000f0000000)
  object space 89088K, 81% used [0x00000000d0000000,0x00000000d4731970,0x00000000d5700000)
 Metaspace       used 53933K, capacity 55284K, committed 55552K, reserved 1097728K
  class space    used 6122K, capacity 6551K, committed 6656K, reserved 1048576K
}
Event: 12.645 GC heap before
{Heap before GC invocations=64 (full 6):
 PSYoungGen      total 248832K, used 238934K [0x00000000f0000000, 0x0000000100000000, 0x0000000100000000)
  eden space 235520K, 97% used [0x00000000f0000000,0x00000000fdf6ac88,0x00000000fe600000)
  from space 13312K, 76% used [0x00000000fe600000,0x00000000fefeac98,0x00000000ff300000)
  to   space 13312K, 0% used [0x00000000ff300000,0x00000000ff300000,0x0000000100000000)
 ParOldGen       total 89088K, used 72902K [0x00000000d0000000, 0x00000000d5700000, 0x00000000f0000000)
  object space 89088K, 81% used [0x00000000d0000000,0x00000000d4731970,0x00000000d5700000)
 Metaspace       used 56008K, capacity 57368K, committed 57600K, reserved 1099776K
  class space    used 6448K, capacity 6884K, committed 6912K, reserved 1048576K
Event: 12.692 GC heap after
Heap after GC invocations=64 (full 6):
 PSYoungGen      total 230400K, used 13309K [0x00000000f0000000, 0x0000000100000000, 0x0000000100000000)
  eden space 217088K, 0% used [0x00000000f0000000,0x00000000f0000000,0x00000000fd400000)
  from space 13312K, 99% used [0x00000000ff300000,0x00000000fffff490,0x0000000100000000)
  to   space 22528K, 0% used [0x00000000fd400000,0x00000000fd400000,0x00000000fea00000)
 ParOldGen       total 89088K, used 79765K [0x00000000d0000000, 0x00000000d5700000, 0x00000000f0000000)
  object space 89088K, 89% used [0x00000000d0000000,0x00000000d4de56b8,0x00000000d5700000)
 Metaspace       used 56008K, capacity 57368K, committed 57600K, reserved 1099776K
  class space    used 6448K, capacity 6884K, committed 6912K, reserved 1048576K
}
Event: 12.692 GC heap before
{Heap before GC invocations=65 (full 7):
 PSYoungGen      total 230400K, used 13309K [0x00000000f0000000, 0x0000000100000000, 0x0000000100000000)
  eden space 217088K, 0% used [0x00000000f0000000,0x00000000f0000000,0x00000000fd400000)
  from space 13312K, 99% used [0x00000000ff300000,0x00000000fffff490,0x0000000100000000)
  to   space 22528K, 0% used [0x00000000fd400000,0x00000000fd400000,0x00000000fea00000)
 ParOldGen       total 89088K, used 79765K [0x00000000d0000000, 0x00000000d5700000, 0x00000000f0000000)
  object space 89088K, 89% used [0x00000000d0000000,0x00000000d4de56b8,0x00000000d5700000)
 Metaspace       used 56008K, capacity 57368K, committed 57600K, reserved 1099776K
  class space    used 6448K, capacity 6884K, committed 6912K, reserved 1048576K
Event: 13.333 GC heap after
Heap after GC invocations=65 (full 7):
 PSYoungGen      total 230400K, used 3017K [0x00000000f0000000, 0x0000000100000000, 0x0000000100000000)
  eden space 217088K, 0% used [0x00000000f0000000,0x00000000f0000000,0x00000000fd400000)
  from space 13312K, 22% used [0x00000000ff300000,0x00000000ff5f2768,0x0000000100000000)
  to   space 22528K, 0% used [0x00000000fd400000,0x00000000fd400000,0x00000000fea00000)
 ParOldGen       total 108032K, used 88855K [0x00000000d0000000, 0x00000000d6980000, 0x00000000f0000000)
  object space 108032K, 82% used [0x00000000d0000000,0x00000000d56c5cd0,0x00000000d6980000)
 Metaspace       used 56008K, capacity 57368K, committed 57600K, reserved 1099776K
  class space    used 6448K, capacity 6884K, committed 6912K, reserved 1048576K
}

