# JRE version: Java(TM) SE Runtime Environment (8.0_11-b12) (build 1.8.0_11-b12)
# Java VM: Java HotSpot(TM) 64-Bit Server VM (25.11-b03 mixed mode windows-amd64 compressed oops)
Heap:
 PSYoungGen      total 239104K, used 161103K [0x00000000f0000000, 0x0000000100000000, 0x0000000100000000)
  eden space 219136K, 66% used [0x00000000f0000000,0x00000000f8e37dd0,0x00000000fd600000)
  from space 19968K, 77% used [0x00000000fec80000,0x00000000ffb9beb0,0x0000000100000000)
  to   space 21504K, 0% used [0x00000000fd600000,0x00000000fd600000,0x00000000feb00000)
 ParOldGen       total 109568K, used 89890K [0x00000000d0000000, 0x00000000d6b00000, 0x00000000f0000000)
  object space 109568K, 82% used [0x00000000d0000000,0x00000000d57c8850,0x00000000d6b00000)
 Metaspace       used 63150K, capacity 64846K, committed 65152K, reserved 1105920K
  class space    used 7385K, capacity 7942K, committed 8064K, reserved 1048576K
GC Heap History (10 events):
Event: 13.577 GC heap before
{Heap before GC invocations=53 (full 7):
 PSYoungGen      total 234496K, used 11232K [0x00000000f0000000, 0x0000000100000000, 0x0000000100000000)
  eden space 223232K, 0% used [0x00000000f0000000,0x00000000f0000000,0x00000000fda00000)
  from space 11264K, 99% used [0x00000000ff500000,0x00000000ffff8010,0x0000000100000000)
  to   space 19456K, 0% used [0x00000000fda00000,0x00000000fda00000,0x00000000fed00000)
 ParOldGen       total 90112K, used 80302K [0x00000000d0000000, 0x00000000d5800000, 0x00000000f0000000)
  object space 90112K, 89% used [0x00000000d0000000,0x00000000d4e6ba50,0x00000000d5800000)
 Metaspace       used 55520K, capacity 56888K, committed 57088K, reserved 1099776K
  class space    used 6389K, capacity 6810K, committed 6912K, reserved 1048576K
Event: 14.121 GC heap after
Heap after GC invocations=53 (full 7):
 PSYoungGen      total 234496K, used 479K [0x00000000f0000000, 0x0000000100000000, 0x0000000100000000)
  eden space 223232K, 0% used [0x00000000f0000000,0x00000000f0000000,0x00000000fda00000)
  from space 11264K, 4% used [0x00000000ff500000,0x00000000ff577d30,0x0000000100000000)
  to   space 19456K, 0% used [0x00000000fda00000,0x00000000fda00000,0x00000000fed00000)
 ParOldGen       total 109568K, used 89850K [0x00000000d0000000, 0x00000000d6b00000, 0x00000000f0000000)
  object space 109568K, 82% used [0x00000000d0000000,0x00000000d57be850,0x00000000d6b00000)
 Metaspace       used 55520K, capacity 56888K, committed 57088K, reserved 1099776K
  class space    used 6389K, capacity 6810K, committed 6912K, reserved 1048576K
}
Event: 14.746 GC heap before
{Heap before GC invocations=54 (full 7):
 PSYoungGen      total 234496K, used 219760K [0x00000000f0000000, 0x0000000100000000, 0x0000000100000000)
  eden space 223232K, 98% used [0x00000000f0000000,0x00000000fd624540,0x00000000fda00000)
  from space 11264K, 4% used [0x00000000ff500000,0x00000000ff577d30,0x0000000100000000)
  to   space 19456K, 0% used [0x00000000fda00000,0x00000000fda00000,0x00000000fed00000)
 ParOldGen       total 109568K, used 89850K [0x00000000d0000000, 0x00000000d6b00000, 0x00000000f0000000)
  object space 109568K, 82% used [0x00000000d0000000,0x00000000d57be850,0x00000000d6b00000)
 Metaspace       used 56794K, capacity 58316K, committed 58496K, reserved 1101824K
  class space    used 6569K, capacity 7035K, committed 7040K, reserved 1048576K
Event: 14.781 GC heap after
Heap after GC invocations=54 (full 7):
 PSYoungGen      total 242688K, used 8052K [0x00000000f0000000, 0x0000000100000000, 0x0000000100000000)
  eden space 223232K, 0% used [0x00000000f0000000,0x00000000f0000000,0x00000000fda00000)
  from space 19456K, 41% used [0x00000000fda00000,0x00000000fe1dd398,0x00000000fed00000)
  to   space 18944K, 0% used [0x00000000fed80000,0x00000000fed80000,0x0000000100000000)
 ParOldGen       total 109568K, used 89866K [0x00000000d0000000, 0x00000000d6b00000, 0x00000000f0000000)
  object space 109568K, 82% used [0x00000000d0000000,0x00000000d57c2850,0x00000000d6b00000)
 Metaspace       used 56794K, capacity 58316K, committed 58496K, reserved 1101824K
  class space    used 6569K, capacity 7035K, committed 7040K, reserved 1048576K
}
Event: 15.091 GC heap before
{Heap before GC invocations=55 (full 7):
 PSYoungGen      total 242688K, used 231284K [0x00000000f0000000, 0x0000000100000000, 0x0000000100000000)
  eden space 223232K, 100% used [0x00000000f0000000,0x00000000fda00000,0x00000000fda00000)
  from space 19456K, 41% used [0x00000000fda00000,0x00000000fe1dd398,0x00000000fed00000)
  to   space 18944K, 0% used [0x00000000fed80000,0x00000000fed80000,0x0000000100000000)
 ParOldGen       total 109568K, used 89866K [0x00000000d0000000, 0x00000000d6b00000, 0x00000000f0000000)
  object space 109568K, 82% used [0x00000000d0000000,0x00000000d57c2850,0x00000000d6b00000)
 Metaspace       used 58610K, capacity 60094K, committed 60416K, reserved 1101824K
  class space    used 6870K, capacity 7329K, committed 7424K, reserved 1048576K
Event: 15.113 GC heap after
Heap after GC invocations=55 (full 7):
 PSYoungGen      total 241152K, used 9934K [0x00000000f0000000, 0x00000000ffe80000, 0x0000000100000000)
  eden space 223744K, 0% used [0x00000000f0000000,0x00000000f0000000,0x00000000fda80000)
  from space 17408K, 57% used [0x00000000fed80000,0x00000000ff733a30,0x00000000ffe80000)
  to   space 18432K, 0% used [0x00000000fda80000,0x00000000fda80000,0x00000000fec80000)
 ParOldGen       total 109568K, used 89874K [0x00000000d0000000, 0x00000000d6b00000, 0x00000000f0000000)
  object space 109568K, 82% used [0x00000000d0000000,0x00000000d57c4850,0x00000000d6b00000)
 Metaspace       used 58610K, capacity 60094K, committed 60416K, reserved 1101824K
  class space    used 6870K, capacity 7329K, committed 7424K, reserved 1048576K
}
Event: 15.687 GC heap before
{Heap before GC invocations=56 (full 7):
 PSYoungGen      total 241152K, used 232887K [0x00000000f0000000, 0x00000000ffe80000, 0x0000000100000000)
  eden space 223744K, 99% used [0x00000000f0000000,0x00000000fd9ba208,0x00000000fda80000)
  from space 17408K, 57% used [0x00000000fed80000,0x00000000ff733a30,0x00000000ffe80000)
  to   space 18432K, 0% used [0x00000000fda80000,0x00000000fda80000,0x00000000fec80000)
 ParOldGen       total 109568K, used 89874K [0x00000000d0000000, 0x00000000d6b00000, 0x00000000f0000000)
  object space 109568K, 82% used [0x00000000d0000000,0x00000000d57c4850,0x00000000d6b00000)
 Metaspace       used 60978K, capacity 62632K, committed 62848K, reserved 1103872K
  class space    used 7115K, capacity 7681K, committed 7808K, reserved 1048576K
Event: 15.744 GC heap after
Heap after GC invocations=56 (full 7):
 PSYoungGen      total 242176K, used 14562K [0x00000000f0000000, 0x0000000100000000, 0x0000000100000000)
  eden space 223744K, 0% used [0x00000000f0000000,0x00000000f0000000,0x00000000fda80000)
  from space 18432K, 79% used [0x00000000fda80000,0x00000000fe8b8800,0x00000000fec80000)
  to   space 19968K, 0% used [0x00000000fec80000,0x00000000fec80000,0x0000000100000000)
 ParOldGen       total 109568K, used 89882K [0x00000000d0000000, 0x00000000d6b00000, 0x00000000f0000000)
  object space 109568K, 82% used [0x00000000d0000000,0x00000000d57c6850,0x00000000d6b00000)
 Metaspace       used 60978K, capacity 62632K, committed 62848K, reserved 1103872K
  class space    used 7115K, capacity 7681K, committed 7808K, reserved 1048576K
}
Event: 16.011 GC heap before
{Heap before GC invocations=57 (full 7):
 PSYoungGen      total 242176K, used 228777K [0x00000000f0000000, 0x0000000100000000, 0x0000000100000000)
  eden space 223744K, 95% used [0x00000000f0000000,0x00000000fd131f78,0x00000000fda80000)
  from space 18432K, 79% used [0x00000000fda80000,0x00000000fe8b8800,0x00000000fec80000)
  to   space 19968K, 0% used [0x00000000fec80000,0x00000000fec80000,0x0000000100000000)
 ParOldGen       total 109568K, used 89882K [0x00000000d0000000, 0x00000000d6b00000, 0x00000000f0000000)
  object space 109568K, 82% used [0x00000000d0000000,0x00000000d57c6850,0x00000000d6b00000)
 Metaspace       used 62293K, capacity 64012K, committed 64256K, reserved 1105920K
  class space    used 7270K, capacity 7825K, committed 7936K, reserved 1048576K
Event: 16.040 GC heap after
Heap after GC invocations=57 (full 7):
 PSYoungGen      total 239104K, used 15471K [0x00000000f0000000, 0x0000000100000000, 0x0000000100000000)
  eden space 219136K, 0% used [0x00000000f0000000,0x00000000f0000000,0x00000000fd600000)
  from space 19968K, 77% used [0x00000000fec80000,0x00000000ffb9beb0,0x0000000100000000)
  to   space 21504K, 0% used [0x00000000fd600000,0x00000000fd600000,0x00000000feb00000)
 ParOldGen       total 109568K, used 89890K [0x00000000d0000000, 0x00000000d6b00000, 0x00000000f0000000)
  object space 109568K, 82% used [0x00000000d0000000,0x00000000d57c8850,0x00000000d6b00000)
 Metaspace       used 62293K, capacity 64012K, committed 64256K, reserved 1105920K
  class space    used 7270K, capacity 7825K, committed 7936K, reserved 1048576K
}

