# JRE version: Java(TM) SE Runtime Environment (8.0_11-b12) (build 1.8.0_11-b12)
# Java VM: Java HotSpot(TM) 64-Bit Server VM (25.11-b03 mixed mode windows-amd64 compressed oops)
Heap:
 PSYoungGen      total 222208K, used 179447K [0x00000000f0000000, 0x0000000100000000, 0x0000000100000000)
  eden space 199680K, 78% used [0x00000000f0000000,0x00000000f9941f08,0x00000000fc300000)
  from space 22528K, 99% used [0x00000000fea00000,0x00000000ffffc030,0x0000000100000000)
  to   space 31232K, 0% used [0x00000000fc300000,0x00000000fc300000,0x00000000fe180000)
 ParOldGen       total 91136K, used 80563K [0x00000000d0000000, 0x00000000d5900000, 0x00000000f0000000)
  object space 91136K, 88% used [0x00000000d0000000,0x00000000d4eacd48,0x00000000d5900000)
 Metaspace       used 59751K, capacity 61458K, committed 61696K, reserved 1103872K
  class space    used 6922K, capacity 7413K, committed 7424K, reserved 1048576K
GC Heap History (10 events):
Event: 11.623 GC heap before
{Heap before GC invocations=56 (full 5):
 PSYoungGen      total 229376K, used 229344K [0x00000000f0000000, 0x00000000ff180000, 0x0000000100000000)
  eden space 218112K, 100% used [0x00000000f0000000,0x00000000fd500000,0x00000000fd500000)
  from space 11264K, 99% used [0x00000000fe200000,0x00000000fecf8160,0x00000000fed00000)
  to   space 13312K, 0% used [0x00000000fd500000,0x00000000fd500000,0x00000000fe200000)
 ParOldGen       total 74752K, used 61025K [0x00000000d0000000, 0x00000000d4900000, 0x00000000f0000000)
  object space 74752K, 81% used [0x00000000d0000000,0x00000000d3b98550,0x00000000d4900000)
 Metaspace       used 53377K, capacity 54692K, committed 54912K, reserved 1097728K
  class space    used 6020K, capacity 6430K, committed 6528K, reserved 1048576K
Event: 11.656 GC heap after
Heap after GC invocations=56 (full 5):
 PSYoungGen      total 231424K, used 13300K [0x00000000f0000000, 0x0000000100000000, 0x0000000100000000)
  eden space 218112K, 0% used [0x00000000f0000000,0x00000000f0000000,0x00000000fd500000)
  from space 13312K, 99% used [0x00000000fd500000,0x00000000fe1fd160,0x00000000fe200000)
  to   space 17408K, 0% used [0x00000000fef00000,0x00000000fef00000,0x0000000100000000)
 ParOldGen       total 74752K, used 66594K [0x00000000d0000000, 0x00000000d4900000, 0x00000000f0000000)
  object space 74752K, 89% used [0x00000000d0000000,0x00000000d4108b10,0x00000000d4900000)
 Metaspace       used 53377K, capacity 54692K, committed 54912K, reserved 1097728K
  class space    used 6020K, capacity 6430K, committed 6528K, reserved 1048576K
}
Event: 12.565 GC heap before
{Heap before GC invocations=57 (full 5):
 PSYoungGen      total 231424K, used 230661K [0x00000000f0000000, 0x0000000100000000, 0x0000000100000000)
  eden space 218112K, 99% used [0x00000000f0000000,0x00000000fd444678,0x00000000fd500000)
  from space 13312K, 99% used [0x00000000fd500000,0x00000000fe1fd160,0x00000000fe200000)
  to   space 17408K, 0% used [0x00000000fef00000,0x00000000fef00000,0x0000000100000000)
 ParOldGen       total 74752K, used 66594K [0x00000000d0000000, 0x00000000d4900000, 0x00000000f0000000)
  object space 74752K, 89% used [0x00000000d0000000,0x00000000d4108b10,0x00000000d4900000)
 Metaspace       used 54882K, capacity 56304K, committed 56576K, reserved 1099776K
  class space    used 6151K, capacity 6561K, committed 6656K, reserved 1048576K
Event: 12.597 GC heap after
Heap after GC invocations=57 (full 5):
 PSYoungGen      total 234496K, used 17376K [0x00000000f0000000, 0x0000000100000000, 0x0000000100000000)
  eden space 217088K, 0% used [0x00000000f0000000,0x00000000f0000000,0x00000000fd400000)
  from space 17408K, 99% used [0x00000000fef00000,0x00000000ffff8318,0x0000000100000000)
  to   space 22528K, 0% used [0x00000000fd400000,0x00000000fd400000,0x00000000fea00000)
 ParOldGen       total 74752K, used 73176K [0x00000000d0000000, 0x00000000d4900000, 0x00000000f0000000)
  object space 74752K, 97% used [0x00000000d0000000,0x00000000d47761e8,0x00000000d4900000)
 Metaspace       used 54882K, capacity 56304K, committed 56576K, reserved 1099776K
  class space    used 6151K, capacity 6561K, committed 6656K, reserved 1048576K
}
Event: 12.597 GC heap before
{Heap before GC invocations=58 (full 6):
 PSYoungGen      total 234496K, used 17376K [0x00000000f0000000, 0x0000000100000000, 0x0000000100000000)
  eden space 217088K, 0% used [0x00000000f0000000,0x00000000f0000000,0x00000000fd400000)
  from space 17408K, 99% used [0x00000000fef00000,0x00000000ffff8318,0x0000000100000000)
  to   space 22528K, 0% used [0x00000000fd400000,0x00000000fd400000,0x00000000fea00000)
 ParOldGen       total 74752K, used 73176K [0x00000000d0000000, 0x00000000d4900000, 0x00000000f0000000)
  object space 74752K, 97% used [0x00000000d0000000,0x00000000d47761e8,0x00000000d4900000)
 Metaspace       used 54882K, capacity 56304K, committed 56576K, reserved 1099776K
  class space    used 6151K, capacity 6561K, committed 6656K, reserved 1048576K
Event: 13.592 GC heap after
Heap after GC invocations=58 (full 6):
 PSYoungGen      total 234496K, used 12719K [0x00000000f0000000, 0x0000000100000000, 0x0000000100000000)
  eden space 217088K, 0% used [0x00000000f0000000,0x00000000f0000000,0x00000000fd400000)
  from space 17408K, 73% used [0x00000000fef00000,0x00000000ffb6bf98,0x0000000100000000)
  to   space 22528K, 0% used [0x00000000fd400000,0x00000000fd400000,0x00000000fea00000)
 ParOldGen       total 91136K, used 74514K [0x00000000d0000000, 0x00000000d5900000, 0x00000000f0000000)
  object space 91136K, 81% used [0x00000000d0000000,0x00000000d48c4aa0,0x00000000d5900000)
 Metaspace       used 54882K, capacity 56304K, committed 56576K, reserved 1099776K
  class space    used 6151K, capacity 6561K, committed 6656K, reserved 1048576K
}
Event: 14.265 GC heap before
{Heap before GC invocations=59 (full 6):
 PSYoungGen      total 234496K, used 227664K [0x00000000f0000000, 0x0000000100000000, 0x0000000100000000)
  eden space 217088K, 99% used [0x00000000f0000000,0x00000000fd1e8278,0x00000000fd400000)
  from space 17408K, 73% used [0x00000000fef00000,0x00000000ffb6bf98,0x0000000100000000)
  to   space 22528K, 0% used [0x00000000fd400000,0x00000000fd400000,0x00000000fea00000)
 ParOldGen       total 91136K, used 74514K [0x00000000d0000000, 0x00000000d5900000, 0x00000000f0000000)
  object space 91136K, 81% used [0x00000000d0000000,0x00000000d48c4aa0,0x00000000d5900000)
 Metaspace       used 56831K, capacity 58258K, committed 58496K, reserved 1101824K
  class space    used 6471K, capacity 6929K, committed 7040K, reserved 1048576K
Event: 14.301 GC heap after
Heap after GC invocations=59 (full 6):
 PSYoungGen      total 239616K, used 22078K [0x00000000f0000000, 0x0000000100000000, 0x0000000100000000)
  eden space 217088K, 0% used [0x00000000f0000000,0x00000000f0000000,0x00000000fd400000)
  from space 22528K, 98% used [0x00000000fd400000,0x00000000fe98f928,0x00000000fea00000)
  to   space 22528K, 0% used [0x00000000fea00000,0x00000000fea00000,0x0000000100000000)
 ParOldGen       total 91136K, used 74778K [0x00000000d0000000, 0x00000000d5900000, 0x00000000f0000000)
  object space 91136K, 82% used [0x00000000d0000000,0x00000000d4906ab0,0x00000000d5900000)
 Metaspace       used 56831K, capacity 58258K, committed 58496K, reserved 1101824K
  class space    used 6471K, capacity 6929K, committed 7040K, reserved 1048576K
}
Event: 15.046 GC heap before
{Heap before GC invocations=60 (full 6):
 PSYoungGen      total 239616K, used 237884K [0x00000000f0000000, 0x0000000100000000, 0x0000000100000000)
  eden space 217088K, 99% used [0x00000000f0000000,0x00000000fd2bf928,0x00000000fd400000)
  from space 22528K, 98% used [0x00000000fd400000,0x00000000fe98f928,0x00000000fea00000)
  to   space 22528K, 0% used [0x00000000fea00000,0x00000000fea00000,0x0000000100000000)
 ParOldGen       total 91136K, used 74778K [0x00000000d0000000, 0x00000000d5900000, 0x00000000f0000000)
  object space 91136K, 82% used [0x00000000d0000000,0x00000000d4906ab0,0x00000000d5900000)
 Metaspace       used 58457K, capacity 60064K, committed 60288K, reserved 1101824K
  class space    used 6706K, capacity 7183K, committed 7296K, reserved 1048576K
Event: 15.085 GC heap after
Heap after GC invocations=60 (full 6):
 PSYoungGen      total 222208K, used 22512K [0x00000000f0000000, 0x0000000100000000, 0x0000000100000000)
  eden space 199680K, 0% used [0x00000000f0000000,0x00000000f0000000,0x00000000fc300000)
  from space 22528K, 99% used [0x00000000fea00000,0x00000000ffffc030,0x0000000100000000)
  to   space 31232K, 0% used [0x00000000fc300000,0x00000000fc300000,0x00000000fe180000)
 ParOldGen       total 91136K, used 80563K [0x00000000d0000000, 0x00000000d5900000, 0x00000000f0000000)
  object space 91136K, 88% used [0x00000000d0000000,0x00000000d4eacd48,0x00000000d5900000)
 Metaspace       used 58457K, capacity 60064K, committed 60288K, reserved 1101824K
  class space    used 6706K, capacity 7183K, committed 7296K, reserved 1048576K
}

