# JRE version: Java(TM) SE Runtime Environment (8.0_11-b12) (build 1.8.0_11-b12)
# Java VM: Java HotSpot(TM) 64-Bit Server VM (25.11-b03 mixed mode windows-amd64 compressed oops)
Heap:
 PSYoungGen      total 238592K, used 192815K [0x00000000f0000000, 0x0000000100000000, 0x0000000100000000)
  eden space 230400K, 81% used [0x00000000f0000000,0x00000000fb658f50,0x00000000fe100000)
  from space 8192K, 74% used [0x00000000ff800000,0x00000000ffdf2f20,0x0000000100000000)
  to   space 15872K, 0% used [0x00000000fe100000,0x00000000fe100000,0x00000000ff080000)
 ParOldGen       total 93184K, used 76170K [0x00000000d0000000, 0x00000000d5b00000, 0x00000000f0000000)
  object space 93184K, 81% used [0x00000000d0000000,0x00000000d4a62940,0x00000000d5b00000)
 Metaspace       used 55443K, capacity 56830K, committed 57012K, reserved 1099776K
  class space    used 6376K, capacity 6809K, committed 6836K, reserved 1048576K
GC Heap History (10 events):
Event: 9.683 GC heap before
{Heap before GC invocations=48 (full 5):
 PSYoungGen      total 252416K, used 243509K [0x00000000f0000000, 0x00000000fff00000, 0x0000000100000000)
  eden space 244736K, 98% used [0x00000000f0000000,0x00000000feaccd50,0x00000000fef00000)
  from space 7680K, 40% used [0x00000000ff780000,0x00000000ffa80818,0x00000000fff00000)
  to   space 8192K, 0% used [0x00000000fef00000,0x00000000fef00000,0x00000000ff700000)
 ParOldGen       total 72704K, used 59885K [0x00000000d0000000, 0x00000000d4700000, 0x00000000f0000000)
  object space 72704K, 82% used [0x00000000d0000000,0x00000000d3a7b508,0x00000000d4700000)
 Metaspace       used 48719K, capacity 49910K, committed 50228K, reserved 1093632K
  class space    used 5519K, capacity 5900K, committed 5940K, reserved 1048576K
Event: 9.714 GC heap after
Heap after GC invocations=48 (full 5):
 PSYoungGen      total 252928K, used 3443K [0x00000000f0000000, 0x00000000fff80000, 0x0000000100000000)
  eden space 244736K, 0% used [0x00000000f0000000,0x00000000f0000000,0x00000000fef00000)
  from space 8192K, 42% used [0x00000000fef00000,0x00000000ff25cf58,0x00000000ff700000)
  to   space 7680K, 0% used [0x00000000ff800000,0x00000000ff800000,0x00000000fff80000)
 ParOldGen       total 72704K, used 59893K [0x00000000d0000000, 0x00000000d4700000, 0x00000000f0000000)
  object space 72704K, 82% used [0x00000000d0000000,0x00000000d3a7d508,0x00000000d4700000)
 Metaspace       used 48719K, capacity 49910K, committed 50228K, reserved 1093632K
  class space    used 5519K, capacity 5900K, committed 5940K, reserved 1048576K
}
Event: 10.225 GC heap before
{Heap before GC invocations=49 (full 5):
 PSYoungGen      total 252928K, used 244424K [0x00000000f0000000, 0x00000000fff80000, 0x0000000100000000)
  eden space 244736K, 98% used [0x00000000f0000000,0x00000000feb55260,0x00000000fef00000)
  from space 8192K, 42% used [0x00000000fef00000,0x00000000ff25cf58,0x00000000ff700000)
  to   space 7680K, 0% used [0x00000000ff800000,0x00000000ff800000,0x00000000fff80000)
 ParOldGen       total 72704K, used 59893K [0x00000000d0000000, 0x00000000d4700000, 0x00000000f0000000)
  object space 72704K, 82% used [0x00000000d0000000,0x00000000d3a7d508,0x00000000d4700000)
 Metaspace       used 50527K, capacity 51780K, committed 52020K, reserved 1095680K
  class space    used 5766K, capacity 6143K, committed 6196K, reserved 1048576K
Event: 10.247 GC heap after
Heap after GC invocations=49 (full 5):
 PSYoungGen      total 253440K, used 5522K [0x00000000f0000000, 0x0000000100000000, 0x0000000100000000)
  eden space 245760K, 0% used [0x00000000f0000000,0x00000000f0000000,0x00000000ff000000)
  from space 7680K, 71% used [0x00000000ff800000,0x00000000ffd64a00,0x00000000fff80000)
  to   space 8192K, 0% used [0x00000000ff000000,0x00000000ff000000,0x00000000ff800000)
 ParOldGen       total 72704K, used 59901K [0x00000000d0000000, 0x00000000d4700000, 0x00000000f0000000)
  object space 72704K, 82% used [0x00000000d0000000,0x00000000d3a7f508,0x00000000d4700000)
 Metaspace       used 50527K, capacity 51780K, committed 52020K, reserved 1095680K
  class space    used 5766K, capacity 6143K, committed 6196K, reserved 1048576K
}
Event: 10.941 GC heap before
{Heap before GC invocations=50 (full 5):
 PSYoungGen      total 253440K, used 251282K [0x00000000f0000000, 0x0000000100000000, 0x0000000100000000)
  eden space 245760K, 100% used [0x00000000f0000000,0x00000000ff000000,0x00000000ff000000)
  from space 7680K, 71% used [0x00000000ff800000,0x00000000ffd64a00,0x00000000fff80000)
  to   space 8192K, 0% used [0x00000000ff000000,0x00000000ff000000,0x00000000ff800000)
 ParOldGen       total 72704K, used 59901K [0x00000000d0000000, 0x00000000d4700000, 0x00000000f0000000)
  object space 72704K, 82% used [0x00000000d0000000,0x00000000d3a7f508,0x00000000d4700000)
 Metaspace       used 51782K, capacity 53100K, committed 53172K, reserved 1095680K
  class space    used 5918K, capacity 6316K, committed 6324K, reserved 1048576K
Event: 10.962 GC heap after
Heap after GC invocations=50 (full 5):
 PSYoungGen      total 253952K, used 8176K [0x00000000f0000000, 0x0000000100000000, 0x0000000100000000)
  eden space 245760K, 0% used [0x00000000f0000000,0x00000000f0000000,0x00000000ff000000)
  from space 8192K, 99% used [0x00000000ff000000,0x00000000ff7fc030,0x00000000ff800000)
  to   space 8192K, 0% used [0x00000000ff800000,0x00000000ff800000,0x0000000100000000)
 ParOldGen       total 72704K, used 63247K [0x00000000d0000000, 0x00000000d4700000, 0x00000000f0000000)
  object space 72704K, 86% used [0x00000000d0000000,0x00000000d3dc3f00,0x00000000d4700000)
 Metaspace       used 51782K, capacity 53100K, committed 53172K, reserved 1095680K
  class space    used 5918K, capacity 6316K, committed 6324K, reserved 1048576K
}
Event: 12.038 GC heap before
{Heap before GC invocations=51 (full 5):
 PSYoungGen      total 253952K, used 253936K [0x00000000f0000000, 0x0000000100000000, 0x0000000100000000)
  eden space 245760K, 100% used [0x00000000f0000000,0x00000000ff000000,0x00000000ff000000)
  from space 8192K, 99% used [0x00000000ff000000,0x00000000ff7fc030,0x00000000ff800000)
  to   space 8192K, 0% used [0x00000000ff800000,0x00000000ff800000,0x0000000100000000)
 ParOldGen       total 72704K, used 63247K [0x00000000d0000000, 0x00000000d4700000, 0x00000000f0000000)
  object space 72704K, 86% used [0x00000000d0000000,0x00000000d3dc3f00,0x00000000d4700000)
 Metaspace       used 53621K, capacity 54930K, committed 55220K, reserved 1097728K
  class space    used 6091K, capacity 6518K, committed 6580K, reserved 1048576K
Event: 12.070 GC heap after
Heap after GC invocations=51 (full 5):
 PSYoungGen      total 238592K, used 8177K [0x00000000f0000000, 0x0000000100000000, 0x0000000100000000)
  eden space 230400K, 0% used [0x00000000f0000000,0x00000000f0000000,0x00000000fe100000)
  from space 8192K, 99% used [0x00000000ff800000,0x00000000ffffc598,0x0000000100000000)
  to   space 15872K, 0% used [0x00000000fe100000,0x00000000fe100000,0x00000000ff080000)
 ParOldGen       total 76288K, used 75619K [0x00000000d0000000, 0x00000000d4a80000, 0x00000000f0000000)
  object space 76288K, 99% used [0x00000000d0000000,0x00000000d49d8cf8,0x00000000d4a80000)
 Metaspace       used 53621K, capacity 54930K, committed 55220K, reserved 1097728K
  class space    used 6091K, capacity 6518K, committed 6580K, reserved 1048576K
}
Event: 12.070 GC heap before
{Heap before GC invocations=52 (full 6):
 PSYoungGen      total 238592K, used 8177K [0x00000000f0000000, 0x0000000100000000, 0x0000000100000000)
  eden space 230400K, 0% used [0x00000000f0000000,0x00000000f0000000,0x00000000fe100000)
  from space 8192K, 99% used [0x00000000ff800000,0x00000000ffffc598,0x0000000100000000)
  to   space 15872K, 0% used [0x00000000fe100000,0x00000000fe100000,0x00000000ff080000)
 ParOldGen       total 76288K, used 75619K [0x00000000d0000000, 0x00000000d4a80000, 0x00000000f0000000)
  object space 76288K, 99% used [0x00000000d0000000,0x00000000d49d8cf8,0x00000000d4a80000)
 Metaspace       used 53621K, capacity 54930K, committed 55220K, reserved 1097728K
  class space    used 6091K, capacity 6518K, committed 6580K, reserved 1048576K
Event: 12.830 GC heap after
Heap after GC invocations=52 (full 6):
 PSYoungGen      total 238592K, used 6091K [0x00000000f0000000, 0x0000000100000000, 0x0000000100000000)
  eden space 230400K, 0% used [0x00000000f0000000,0x00000000f0000000,0x00000000fe100000)
  from space 8192K, 74% used [0x00000000ff800000,0x00000000ffdf2f20,0x0000000100000000)
  to   space 15872K, 0% used [0x00000000fe100000,0x00000000fe100000,0x00000000ff080000)
 ParOldGen       total 93184K, used 76170K [0x00000000d0000000, 0x00000000d5b00000, 0x00000000f0000000)
  object space 93184K, 81% used [0x00000000d0000000,0x00000000d4a62940,0x00000000d5b00000)
 Metaspace       used 53621K, capacity 54930K, committed 55220K, reserved 1097728K
  class space    used 6091K, capacity 6518K, committed 6580K, reserved 1048576K
}

