# JRE version: Java(TM) SE Runtime Environment (8.0_11-b12) (build 1.8.0_11-b12)
# Java VM: Java HotSpot(TM) 64-Bit Server VM (25.11-b03 mixed mode windows-amd64 compressed oops)
Heap:
 PSYoungGen      total 245248K, used 137249K [0x00000000f0000000, 0x0000000100000000, 0x0000000100000000)
  eden space 228352K, 52% used [0x00000000f0000000,0x00000000f758b4f8,0x00000000fdf00000)
  from space 16896K, 99% used [0x00000000fdf00000,0x00000000fef7d2f0,0x00000000fef80000)
  to   space 16896K, 0% used [0x00000000fef80000,0x00000000fef80000,0x0000000100000000)
 ParOldGen       total 94208K, used 79033K [0x00000000d0000000, 0x00000000d5c00000, 0x00000000f0000000)
  object space 94208K, 83% used [0x00000000d0000000,0x00000000d4d2e428,0x00000000d5c00000)
 Metaspace       used 57083K, capacity 58526K, committed 58752K, reserved 1101824K
  class space    used 6494K, capacity 6934K, committed 7040K, reserved 1048576K
GC Heap History (10 events):
Event: 11.334 GC heap before
{Heap before GC invocations=47 (full 5):
 PSYoungGen      total 251904K, used 246601K [0x00000000f0000000, 0x00000000fff00000, 0x0000000100000000)
  eden space 242688K, 100% used [0x00000000f0000000,0x00000000fed00000,0x00000000fed00000)
  from space 9216K, 42% used [0x00000000fed00000,0x00000000ff0d2728,0x00000000ff600000)
  to   space 8704K, 0% used [0x00000000ff680000,0x00000000ff680000,0x00000000fff00000)
 ParOldGen       total 73728K, used 63335K [0x00000000d0000000, 0x00000000d4800000, 0x00000000f0000000)
  object space 73728K, 85% used [0x00000000d0000000,0x00000000d3dd9cd0,0x00000000d4800000)
 Metaspace       used 51601K, capacity 52916K, committed 53120K, reserved 1095680K
  class space    used 5783K, capacity 6215K, committed 6272K, reserved 1048576K
Event: 11.353 GC heap after
Heap after GC invocations=47 (full 5):
 PSYoungGen      total 251904K, used 6707K [0x00000000f0000000, 0x0000000100000000, 0x0000000100000000)
  eden space 243200K, 0% used [0x00000000f0000000,0x00000000f0000000,0x00000000fed80000)
  from space 8704K, 77% used [0x00000000ff680000,0x00000000ffd0ce38,0x00000000fff00000)
  to   space 9216K, 0% used [0x00000000fed80000,0x00000000fed80000,0x00000000ff680000)
 ParOldGen       total 73728K, used 63343K [0x00000000d0000000, 0x00000000d4800000, 0x00000000f0000000)
  object space 73728K, 85% used [0x00000000d0000000,0x00000000d3ddbcd0,0x00000000d4800000)
 Metaspace       used 51601K, capacity 52916K, committed 53120K, reserved 1095680K
  class space    used 5783K, capacity 6215K, committed 6272K, reserved 1048576K
}
Event: 12.057 GC heap before
{Heap before GC invocations=48 (full 5):
 PSYoungGen      total 251904K, used 249907K [0x00000000f0000000, 0x0000000100000000, 0x0000000100000000)
  eden space 243200K, 100% used [0x00000000f0000000,0x00000000fed80000,0x00000000fed80000)
  from space 8704K, 77% used [0x00000000ff680000,0x00000000ffd0ce38,0x00000000fff00000)
  to   space 9216K, 0% used [0x00000000fed80000,0x00000000fed80000,0x00000000ff680000)
 ParOldGen       total 73728K, used 63343K [0x00000000d0000000, 0x00000000d4800000, 0x00000000f0000000)
  object space 73728K, 85% used [0x00000000d0000000,0x00000000d3ddbcd0,0x00000000d4800000)
 Metaspace       used 52782K, capacity 54092K, committed 54272K, reserved 1097728K
  class space    used 5935K, capacity 6348K, committed 6400K, reserved 1048576K
Event: 12.067 GC heap after
Heap after GC invocations=48 (full 5):
 PSYoungGen      total 252416K, used 9184K [0x00000000f0000000, 0x0000000100000000, 0x0000000100000000)
  eden space 243200K, 0% used [0x00000000f0000000,0x00000000f0000000,0x00000000fed80000)
  from space 9216K, 99% used [0x00000000fed80000,0x00000000ff678020,0x00000000ff680000)
  to   space 9728K, 0% used [0x00000000ff680000,0x00000000ff680000,0x0000000100000000)
 ParOldGen       total 73728K, used 65871K [0x00000000d0000000, 0x00000000d4800000, 0x00000000f0000000)
  object space 73728K, 89% used [0x00000000d0000000,0x00000000d4053de0,0x00000000d4800000)
 Metaspace       used 52782K, capacity 54092K, committed 54272K, reserved 1097728K
  class space    used 5935K, capacity 6348K, committed 6400K, reserved 1048576K
}
Event: 13.322 GC heap before
{Heap before GC invocations=49 (full 5):
 PSYoungGen      total 252416K, used 252384K [0x00000000f0000000, 0x0000000100000000, 0x0000000100000000)
  eden space 243200K, 100% used [0x00000000f0000000,0x00000000fed80000,0x00000000fed80000)
  from space 9216K, 99% used [0x00000000fed80000,0x00000000ff678020,0x00000000ff680000)
  to   space 9728K, 0% used [0x00000000ff680000,0x00000000ff680000,0x0000000100000000)
 ParOldGen       total 73728K, used 65871K [0x00000000d0000000, 0x00000000d4800000, 0x00000000f0000000)
  object space 73728K, 89% used [0x00000000d0000000,0x00000000d4053de0,0x00000000d4800000)
 Metaspace       used 54551K, capacity 55938K, committed 56192K, reserved 1099776K
  class space    used 6106K, capacity 6526K, committed 6528K, reserved 1048576K
Event: 13.338 GC heap after
Heap after GC invocations=49 (full 5):
 PSYoungGen      total 238080K, used 9713K [0x00000000f0000000, 0x0000000100000000, 0x0000000100000000)
  eden space 228352K, 0% used [0x00000000f0000000,0x00000000f0000000,0x00000000fdf00000)
  from space 9728K, 99% used [0x00000000ff680000,0x00000000ffffc5a8,0x0000000100000000)
  to   space 16896K, 0% used [0x00000000fdf00000,0x00000000fdf00000,0x00000000fef80000)
 ParOldGen       total 77312K, used 76959K [0x00000000d0000000, 0x00000000d4b80000, 0x00000000f0000000)
  object space 77312K, 99% used [0x00000000d0000000,0x00000000d4b27d38,0x00000000d4b80000)
 Metaspace       used 54551K, capacity 55938K, committed 56192K, reserved 1099776K
  class space    used 6106K, capacity 6526K, committed 6528K, reserved 1048576K
}
Event: 13.338 GC heap before
{Heap before GC invocations=50 (full 6):
 PSYoungGen      total 238080K, used 9713K [0x00000000f0000000, 0x0000000100000000, 0x0000000100000000)
  eden space 228352K, 0% used [0x00000000f0000000,0x00000000f0000000,0x00000000fdf00000)
  from space 9728K, 99% used [0x00000000ff680000,0x00000000ffffc5a8,0x0000000100000000)
  to   space 16896K, 0% used [0x00000000fdf00000,0x00000000fdf00000,0x00000000fef80000)
 ParOldGen       total 77312K, used 76959K [0x00000000d0000000, 0x00000000d4b80000, 0x00000000f0000000)
  object space 77312K, 99% used [0x00000000d0000000,0x00000000d4b27d38,0x00000000d4b80000)
 Metaspace       used 54551K, capacity 55938K, committed 56192K, reserved 1099776K
  class space    used 6106K, capacity 6526K, committed 6528K, reserved 1048576K
Event: 14.231 GC heap after
Heap after GC invocations=50 (full 6):
 PSYoungGen      total 238080K, used 6563K [0x00000000f0000000, 0x0000000100000000, 0x0000000100000000)
  eden space 228352K, 0% used [0x00000000f0000000,0x00000000f0000000,0x00000000fdf00000)
  from space 9728K, 67% used [0x00000000ff680000,0x00000000ffce8dd0,0x0000000100000000)
  to   space 16896K, 0% used [0x00000000fdf00000,0x00000000fdf00000,0x00000000fef80000)
 ParOldGen       total 94208K, used 77162K [0x00000000d0000000, 0x00000000d5c00000, 0x00000000f0000000)
  object space 94208K, 81% used [0x00000000d0000000,0x00000000d4b5a980,0x00000000d5c00000)
 Metaspace       used 54551K, capacity 55938K, committed 56192K, reserved 1099776K
  class space    used 6106K, capacity 6526K, committed 6528K, reserved 1048576K
}
Event: 15.139 GC heap before
{Heap before GC invocations=51 (full 6):
 PSYoungGen      total 238080K, used 234915K [0x00000000f0000000, 0x0000000100000000, 0x0000000100000000)
  eden space 228352K, 100% used [0x00000000f0000000,0x00000000fdf00000,0x00000000fdf00000)
  from space 9728K, 67% used [0x00000000ff680000,0x00000000ffce8dd0,0x0000000100000000)
  to   space 16896K, 0% used [0x00000000fdf00000,0x00000000fdf00000,0x00000000fef80000)
 ParOldGen       total 94208K, used 77162K [0x00000000d0000000, 0x00000000d5c00000, 0x00000000f0000000)
  object space 94208K, 81% used [0x00000000d0000000,0x00000000d4b5a980,0x00000000d5c00000)
 Metaspace       used 56567K, capacity 58038K, committed 58368K, reserved 1101824K
  class space    used 6409K, capacity 6844K, committed 6912K, reserved 1048576K
Event: 15.181 GC heap after
Heap after GC invocations=51 (full 6):
 PSYoungGen      total 245248K, used 16884K [0x00000000f0000000, 0x0000000100000000, 0x0000000100000000)
  eden space 228352K, 0% used [0x00000000f0000000,0x00000000f0000000,0x00000000fdf00000)
  from space 16896K, 99% used [0x00000000fdf00000,0x00000000fef7d2f0,0x00000000fef80000)
  to   space 16896K, 0% used [0x00000000fef80000,0x00000000fef80000,0x0000000100000000)
 ParOldGen       total 94208K, used 79033K [0x00000000d0000000, 0x00000000d5c00000, 0x00000000f0000000)
  object space 94208K, 83% used [0x00000000d0000000,0x00000000d4d2e428,0x00000000d5c00000)
 Metaspace       used 56567K, capacity 58038K, committed 58368K, reserved 1101824K
  class space    used 6409K, capacity 6844K, committed 6912K, reserved 1048576K
}

