# JRE version: Java(TM) SE Runtime Environment (8.0_11-b12) (build 1.8.0_11-b12)
# Java VM: Java HotSpot(TM) 64-Bit Server VM (25.11-b03 mixed mode windows-amd64 compressed oops)
Heap:
 PSYoungGen      total 236544K, used 20333K [0x00000000f0000000, 0x0000000100000000, 0x0000000100000000)
  eden space 224256K, 3% used [0x00000000f0000000,0x00000000f07de8f0,0x00000000fdb00000)
  from space 12288K, 99% used [0x00000000ff400000,0x00000000ffffcb60,0x0000000100000000)
  to   space 18944K, 0% used [0x00000000fdb00000,0x00000000fdb00000,0x00000000fed80000)
 ParOldGen       total 91136K, used 78404K [0x00000000d0000000, 0x00000000d5900000, 0x00000000f0000000)
  object space 91136K, 86% used [0x00000000d0000000,0x00000000d4c91000,0x00000000d5900000)
 Metaspace       used 55325K, capacity 56702K, committed 57088K, reserved 1099776K
  class space    used 6370K, capacity 6809K, committed 6912K, reserved 1048576K
GC Heap History (10 events):
Event: 9.106 GC heap before
{Heap before GC invocations=48 (full 5):
 PSYoungGen      total 248832K, used 236165K [0x00000000f0000000, 0x00000000fff00000, 0x0000000100000000)
  eden space 237568K, 98% used [0x00000000f0000000,0x00000000fe4254a0,0x00000000fe800000)
  from space 11264K, 22% used [0x00000000ff400000,0x00000000ff67c190,0x00000000fff00000)
  to   space 11776K, 0% used [0x00000000fe800000,0x00000000fe800000,0x00000000ff380000)
 ParOldGen       total 75264K, used 61133K [0x00000000d0000000, 0x00000000d4980000, 0x00000000f0000000)
  object space 75264K, 81% used [0x00000000d0000000,0x00000000d3bb3410,0x00000000d4980000)
 Metaspace       used 50409K, capacity 51680K, committed 51968K, reserved 1095680K
  class space    used 5739K, capacity 6111K, committed 6144K, reserved 1048576K
Event: 9.121 GC heap after
Heap after GC invocations=48 (full 5):
 PSYoungGen      total 249344K, used 4827K [0x00000000f0000000, 0x00000000fff80000, 0x0000000100000000)
  eden space 237568K, 0% used [0x00000000f0000000,0x00000000f0000000,0x00000000fe800000)
  from space 11776K, 40% used [0x00000000fe800000,0x00000000fecb6d50,0x00000000ff380000)
  to   space 11264K, 0% used [0x00000000ff480000,0x00000000ff480000,0x00000000fff80000)
 ParOldGen       total 75264K, used 61141K [0x00000000d0000000, 0x00000000d4980000, 0x00000000f0000000)
  object space 75264K, 81% used [0x00000000d0000000,0x00000000d3bb5410,0x00000000d4980000)
 Metaspace       used 50409K, capacity 51680K, committed 51968K, reserved 1095680K
  class space    used 5739K, capacity 6111K, committed 6144K, reserved 1048576K
}
Event: 9.701 GC heap before
{Heap before GC invocations=49 (full 5):
 PSYoungGen      total 249344K, used 242395K [0x00000000f0000000, 0x00000000fff80000, 0x0000000100000000)
  eden space 237568K, 100% used [0x00000000f0000000,0x00000000fe800000,0x00000000fe800000)
  from space 11776K, 40% used [0x00000000fe800000,0x00000000fecb6d50,0x00000000ff380000)
  to   space 11264K, 0% used [0x00000000ff480000,0x00000000ff480000,0x00000000fff80000)
 ParOldGen       total 75264K, used 61141K [0x00000000d0000000, 0x00000000d4980000, 0x00000000f0000000)
  object space 75264K, 81% used [0x00000000d0000000,0x00000000d3bb5410,0x00000000d4980000)
 Metaspace       used 51477K, capacity 52806K, committed 53120K, reserved 1095680K
  class space    used 5885K, capacity 6272K, committed 6272K, reserved 1048576K
Event: 9.720 GC heap after
Heap after GC invocations=49 (full 5):
 PSYoungGen      total 248832K, used 8483K [0x00000000f0000000, 0x0000000100000000, 0x0000000100000000)
  eden space 237568K, 0% used [0x00000000f0000000,0x00000000f0000000,0x00000000fe800000)
  from space 11264K, 75% used [0x00000000ff480000,0x00000000ffcc8f20,0x00000000fff80000)
  to   space 12288K, 0% used [0x00000000fe800000,0x00000000fe800000,0x00000000ff400000)
 ParOldGen       total 75264K, used 61149K [0x00000000d0000000, 0x00000000d4980000, 0x00000000f0000000)
  object space 75264K, 81% used [0x00000000d0000000,0x00000000d3bb7410,0x00000000d4980000)
 Metaspace       used 51477K, capacity 52806K, committed 53120K, reserved 1095680K
  class space    used 5885K, capacity 6272K, committed 6272K, reserved 1048576K
}
Event: 10.631 GC heap before
{Heap before GC invocations=50 (full 5):
 PSYoungGen      total 248832K, used 246051K [0x00000000f0000000, 0x0000000100000000, 0x0000000100000000)
  eden space 237568K, 100% used [0x00000000f0000000,0x00000000fe800000,0x00000000fe800000)
  from space 11264K, 75% used [0x00000000ff480000,0x00000000ffcc8f20,0x00000000fff80000)
  to   space 12288K, 0% used [0x00000000fe800000,0x00000000fe800000,0x00000000ff400000)
 ParOldGen       total 75264K, used 61149K [0x00000000d0000000, 0x00000000d4980000, 0x00000000f0000000)
  object space 75264K, 81% used [0x00000000d0000000,0x00000000d3bb7410,0x00000000d4980000)
 Metaspace       used 53031K, capacity 54350K, committed 54656K, reserved 1097728K
  class space    used 6052K, capacity 6454K, committed 6528K, reserved 1048576K
Event: 10.645 GC heap after
Heap after GC invocations=50 (full 5):
 PSYoungGen      total 249856K, used 12257K [0x00000000f0000000, 0x0000000100000000, 0x0000000100000000)
  eden space 237568K, 0% used [0x00000000f0000000,0x00000000f0000000,0x00000000fe800000)
  from space 12288K, 99% used [0x00000000fe800000,0x00000000ff3f8588,0x00000000ff400000)
  to   space 12288K, 0% used [0x00000000ff400000,0x00000000ff400000,0x0000000100000000)
 ParOldGen       total 75264K, used 66889K [0x00000000d0000000, 0x00000000d4980000, 0x00000000f0000000)
  object space 75264K, 88% used [0x00000000d0000000,0x00000000d4152460,0x00000000d4980000)
 Metaspace       used 53031K, capacity 54350K, committed 54656K, reserved 1097728K
  class space    used 6052K, capacity 6454K, committed 6528K, reserved 1048576K
}
Event: 10.645 GC heap before
{Heap before GC invocations=51 (full 6):
 PSYoungGen      total 249856K, used 12257K [0x00000000f0000000, 0x0000000100000000, 0x0000000100000000)
  eden space 237568K, 0% used [0x00000000f0000000,0x00000000f0000000,0x00000000fe800000)
  from space 12288K, 99% used [0x00000000fe800000,0x00000000ff3f8588,0x00000000ff400000)
  to   space 12288K, 0% used [0x00000000ff400000,0x00000000ff400000,0x0000000100000000)
 ParOldGen       total 75264K, used 66889K [0x00000000d0000000, 0x00000000d4980000, 0x00000000f0000000)
  object space 75264K, 88% used [0x00000000d0000000,0x00000000d4152460,0x00000000d4980000)
 Metaspace       used 53031K, capacity 54350K, committed 54656K, reserved 1097728K
  class space    used 6052K, capacity 6454K, committed 6528K, reserved 1048576K
Event: 11.403 GC heap after
Heap after GC invocations=51 (full 6):
 PSYoungGen      total 249856K, used 2008K [0x00000000f0000000, 0x0000000100000000, 0x0000000100000000)
  eden space 237568K, 0% used [0x00000000f0000000,0x00000000f0000000,0x00000000fe800000)
  from space 12288K, 16% used [0x00000000fe800000,0x00000000fe9f6290,0x00000000ff400000)
  to   space 12288K, 0% used [0x00000000ff400000,0x00000000ff400000,0x0000000100000000)
 ParOldGen       total 91136K, used 75171K [0x00000000d0000000, 0x00000000d5900000, 0x00000000f0000000)
  object space 91136K, 82% used [0x00000000d0000000,0x00000000d4968c30,0x00000000d5900000)
 Metaspace       used 53031K, capacity 54350K, committed 54656K, reserved 1097728K
  class space    used 6052K, capacity 6454K, committed 6528K, reserved 1048576K
}
Event: 12.469 GC heap before
{Heap before GC invocations=52 (full 6):
 PSYoungGen      total 249856K, used 239576K [0x00000000f0000000, 0x0000000100000000, 0x0000000100000000)
  eden space 237568K, 100% used [0x00000000f0000000,0x00000000fe800000,0x00000000fe800000)
  from space 12288K, 16% used [0x00000000fe800000,0x00000000fe9f6290,0x00000000ff400000)
  to   space 12288K, 0% used [0x00000000ff400000,0x00000000ff400000,0x0000000100000000)
 ParOldGen       total 91136K, used 75171K [0x00000000d0000000, 0x00000000d5900000, 0x00000000f0000000)
  object space 91136K, 82% used [0x00000000d0000000,0x00000000d4968c30,0x00000000d5900000)
 Metaspace       used 55305K, capacity 56684K, committed 56832K, reserved 1099776K
  class space    used 6366K, capacity 6805K, committed 6912K, reserved 1048576K
Event: 12.487 GC heap after
Heap after GC invocations=52 (full 6):
 PSYoungGen      total 236544K, used 12274K [0x00000000f0000000, 0x0000000100000000, 0x0000000100000000)
  eden space 224256K, 0% used [0x00000000f0000000,0x00000000f0000000,0x00000000fdb00000)
  from space 12288K, 99% used [0x00000000ff400000,0x00000000ffffcb60,0x0000000100000000)
  to   space 18944K, 0% used [0x00000000fdb00000,0x00000000fdb00000,0x00000000fed80000)
 ParOldGen       total 91136K, used 78404K [0x00000000d0000000, 0x00000000d5900000, 0x00000000f0000000)
  object space 91136K, 86% used [0x00000000d0000000,0x00000000d4c91000,0x00000000d5900000)
 Metaspace       used 55305K, capacity 56684K, committed 56832K, reserved 1099776K
  class space    used 6366K, capacity 6805K, committed 6912K, reserved 1048576K
}

