# JRE version: Java(TM) SE Runtime Environment (8.0_11-b12) (build 1.8.0_11-b12)
# Java VM: Java HotSpot(TM) 64-Bit Server VM (25.11-b03 mixed mode windows-amd64 compressed oops)
Heap:
 PSYoungGen      total 226304K, used 49414K [0x00000000f0000000, 0x0000000100000000, 0x0000000100000000)
  eden space 211968K, 17% used [0x00000000f0000000,0x00000000f24e3828,0x00000000fcf00000)
  from space 14336K, 81% used [0x00000000ff200000,0x00000000ffd5e018,0x0000000100000000)
  to   space 25088K, 0% used [0x00000000fcf00000,0x00000000fcf00000,0x00000000fe780000)
 ParOldGen       total 98304K, used 80147K [0x00000000d0000000, 0x00000000d6000000, 0x00000000f0000000)
  object space 98304K, 81% used [0x00000000d0000000,0x00000000d4e44f08,0x00000000d6000000)
 Metaspace       used 56086K, capacity 57520K, committed 57856K, reserved 1099776K
  class space    used 6391K, capacity 6842K, committed 6912K, reserved 1048576K
GC Heap History (10 events):
Event: 9.362 GC heap before
{Heap before GC invocations=50 (full 5):
 PSYoungGen      total 246272K, used 234655K [0x00000000f0000000, 0x00000000ffe80000, 0x0000000100000000)
  eden space 232960K, 99% used [0x00000000f0000000,0x00000000fe21d780,0x00000000fe380000)
  from space 13312K, 23% used [0x00000000ff180000,0x00000000ff48a708,0x00000000ffe80000)
  to   space 13824K, 0% used [0x00000000fe380000,0x00000000fe380000,0x00000000ff100000)
 ParOldGen       total 75776K, used 62211K [0x00000000d0000000, 0x00000000d4a00000, 0x00000000f0000000)
  object space 75776K, 82% used [0x00000000d0000000,0x00000000d3cc0c30,0x00000000d4a00000)
 Metaspace       used 51037K, capacity 52302K, committed 52608K, reserved 1095680K
  class space    used 5757K, capacity 6182K, committed 6272K, reserved 1048576K
Event: 9.384 GC heap after
Heap after GC invocations=50 (full 5):
 PSYoungGen      total 246784K, used 5798K [0x00000000f0000000, 0x00000000fff80000, 0x0000000100000000)
  eden space 232960K, 0% used [0x00000000f0000000,0x00000000f0000000,0x00000000fe380000)
  from space 13824K, 41% used [0x00000000fe380000,0x00000000fe929ad0,0x00000000ff100000)
  to   space 13312K, 0% used [0x00000000ff280000,0x00000000ff280000,0x00000000fff80000)
 ParOldGen       total 75776K, used 62219K [0x00000000d0000000, 0x00000000d4a00000, 0x00000000f0000000)
  object space 75776K, 82% used [0x00000000d0000000,0x00000000d3cc2c30,0x00000000d4a00000)
 Metaspace       used 51037K, capacity 52302K, committed 52608K, reserved 1095680K
  class space    used 5757K, capacity 6182K, committed 6272K, reserved 1048576K
}
Event: 9.931 GC heap before
{Heap before GC invocations=51 (full 5):
 PSYoungGen      total 246784K, used 238758K [0x00000000f0000000, 0x00000000fff80000, 0x0000000100000000)
  eden space 232960K, 100% used [0x00000000f0000000,0x00000000fe380000,0x00000000fe380000)
  from space 13824K, 41% used [0x00000000fe380000,0x00000000fe929ad0,0x00000000ff100000)
  to   space 13312K, 0% used [0x00000000ff280000,0x00000000ff280000,0x00000000fff80000)
 ParOldGen       total 75776K, used 62219K [0x00000000d0000000, 0x00000000d4a00000, 0x00000000f0000000)
  object space 75776K, 82% used [0x00000000d0000000,0x00000000d3cc2c30,0x00000000d4a00000)
 Metaspace       used 52191K, capacity 53530K, committed 53760K, reserved 1097728K
  class space    used 5907K, capacity 6312K, committed 6400K, reserved 1048576K
Event: 9.954 GC heap after
Heap after GC invocations=51 (full 5):
 PSYoungGen      total 246784K, used 9965K [0x00000000f0000000, 0x0000000100000000, 0x0000000100000000)
  eden space 233472K, 0% used [0x00000000f0000000,0x00000000f0000000,0x00000000fe400000)
  from space 13312K, 74% used [0x00000000ff280000,0x00000000ffc3b420,0x00000000fff80000)
  to   space 14336K, 0% used [0x00000000fe400000,0x00000000fe400000,0x00000000ff200000)
 ParOldGen       total 75776K, used 62227K [0x00000000d0000000, 0x00000000d4a00000, 0x00000000f0000000)
  object space 75776K, 82% used [0x00000000d0000000,0x00000000d3cc4c30,0x00000000d4a00000)
 Metaspace       used 52191K, capacity 53530K, committed 53760K, reserved 1097728K
  class space    used 5907K, capacity 6312K, committed 6400K, reserved 1048576K
}
Event: 10.836 GC heap before
{Heap before GC invocations=52 (full 5):
 PSYoungGen      total 246784K, used 243437K [0x00000000f0000000, 0x0000000100000000, 0x0000000100000000)
  eden space 233472K, 100% used [0x00000000f0000000,0x00000000fe400000,0x00000000fe400000)
  from space 13312K, 74% used [0x00000000ff280000,0x00000000ffc3b420,0x00000000fff80000)
  to   space 14336K, 0% used [0x00000000fe400000,0x00000000fe400000,0x00000000ff200000)
 ParOldGen       total 75776K, used 62227K [0x00000000d0000000, 0x00000000d4a00000, 0x00000000f0000000)
  object space 75776K, 82% used [0x00000000d0000000,0x00000000d3cc4c30,0x00000000d4a00000)
 Metaspace       used 53602K, capacity 54940K, committed 55168K, reserved 1097728K
  class space    used 6067K, capacity 6493K, committed 6528K, reserved 1048576K
Event: 10.864 GC heap after
Heap after GC invocations=52 (full 5):
 PSYoungGen      total 247808K, used 14324K [0x00000000f0000000, 0x0000000100000000, 0x0000000100000000)
  eden space 233472K, 0% used [0x00000000f0000000,0x00000000f0000000,0x00000000fe400000)
  from space 14336K, 99% used [0x00000000fe400000,0x00000000ff1fd328,0x00000000ff200000)
  to   space 14336K, 0% used [0x00000000ff200000,0x00000000ff200000,0x0000000100000000)
 ParOldGen       total 75776K, used 66754K [0x00000000d0000000, 0x00000000d4a00000, 0x00000000f0000000)
  object space 75776K, 88% used [0x00000000d0000000,0x00000000d4130850,0x00000000d4a00000)
 Metaspace       used 53602K, capacity 54940K, committed 55168K, reserved 1097728K
  class space    used 6067K, capacity 6493K, committed 6528K, reserved 1048576K
}
Event: 11.840 GC heap before
{Heap before GC invocations=53 (full 5):
 PSYoungGen      total 247808K, used 239393K [0x00000000f0000000, 0x0000000100000000, 0x0000000100000000)
  eden space 233472K, 96% used [0x00000000f0000000,0x00000000fdbcb308,0x00000000fe400000)
  from space 14336K, 99% used [0x00000000fe400000,0x00000000ff1fd328,0x00000000ff200000)
  to   space 14336K, 0% used [0x00000000ff200000,0x00000000ff200000,0x0000000100000000)
 ParOldGen       total 75776K, used 66754K [0x00000000d0000000, 0x00000000d4a00000, 0x00000000f0000000)
  object space 75776K, 88% used [0x00000000d0000000,0x00000000d4130850,0x00000000d4a00000)
 Metaspace       used 55918K, capacity 57296K, committed 57600K, reserved 1099776K
  class space    used 6355K, capacity 6787K, committed 6912K, reserved 1048576K
Event: 11.875 GC heap after
Heap after GC invocations=53 (full 5):
 PSYoungGen      total 226304K, used 14320K [0x00000000f0000000, 0x0000000100000000, 0x0000000100000000)
  eden space 211968K, 0% used [0x00000000f0000000,0x00000000f0000000,0x00000000fcf00000)
  from space 14336K, 99% used [0x00000000ff200000,0x00000000ffffc2b0,0x0000000100000000)
  to   space 25088K, 0% used [0x00000000fcf00000,0x00000000fcf00000,0x00000000fe780000)
 ParOldGen       total 80384K, used 80228K [0x00000000d0000000, 0x00000000d4e80000, 0x00000000f0000000)
  object space 80384K, 99% used [0x00000000d0000000,0x00000000d4e593e8,0x00000000d4e80000)
 Metaspace       used 55918K, capacity 57296K, committed 57600K, reserved 1099776K
  class space    used 6355K, capacity 6787K, committed 6912K, reserved 1048576K
}
Event: 11.875 GC heap before
{Heap before GC invocations=54 (full 6):
 PSYoungGen      total 226304K, used 14320K [0x00000000f0000000, 0x0000000100000000, 0x0000000100000000)
  eden space 211968K, 0% used [0x00000000f0000000,0x00000000f0000000,0x00000000fcf00000)
  from space 14336K, 99% used [0x00000000ff200000,0x00000000ffffc2b0,0x0000000100000000)
  to   space 25088K, 0% used [0x00000000fcf00000,0x00000000fcf00000,0x00000000fe780000)
 ParOldGen       total 80384K, used 80228K [0x00000000d0000000, 0x00000000d4e80000, 0x00000000f0000000)
  object space 80384K, 99% used [0x00000000d0000000,0x00000000d4e593e8,0x00000000d4e80000)
 Metaspace       used 55918K, capacity 57296K, committed 57600K, reserved 1099776K
  class space    used 6355K, capacity 6787K, committed 6912K, reserved 1048576K
Event: 12.713 GC heap after
Heap after GC invocations=54 (full 6):
 PSYoungGen      total 226304K, used 11640K [0x00000000f0000000, 0x0000000100000000, 0x0000000100000000)
  eden space 211968K, 0% used [0x00000000f0000000,0x00000000f0000000,0x00000000fcf00000)
  from space 14336K, 81% used [0x00000000ff200000,0x00000000ffd5e018,0x0000000100000000)
  to   space 25088K, 0% used [0x00000000fcf00000,0x00000000fcf00000,0x00000000fe780000)
 ParOldGen       total 98304K, used 80147K [0x00000000d0000000, 0x00000000d6000000, 0x00000000f0000000)
  object space 98304K, 81% used [0x00000000d0000000,0x00000000d4e44f08,0x00000000d6000000)
 Metaspace       used 55918K, capacity 57296K, committed 57600K, reserved 1099776K
  class space    used 6355K, capacity 6787K, committed 6912K, reserved 1048576K
}

