# JRE version: Java(TM) SE Runtime Environment (8.0_11-b12) (build 1.8.0_11-b12)
# Java VM: Java HotSpot(TM) 64-Bit Server VM (25.11-b03 mixed mode windows-amd64 compressed oops)
Heap:
 PSYoungGen      total 216576K, used 137581K [0x00000000f0000000, 0x00000000ffa80000, 0x0000000100000000)
  eden space 195584K, 61% used [0x00000000f0000000,0x00000000f7605578,0x00000000fbf00000)
  from space 20992K, 79% used [0x00000000fd980000,0x00000000fe9d6070,0x00000000fee00000)
  to   space 27136K, 0% used [0x00000000fbf00000,0x00000000fbf00000,0x00000000fd980000)
 ParOldGen       total 91136K, used 73748K [0x00000000d0000000, 0x00000000d5900000, 0x00000000f0000000)
  object space 91136K, 80% used [0x00000000d0000000,0x00000000d4805110,0x00000000d5900000)
 Metaspace       used 56521K, capacity 57930K, committed 58236K, reserved 1099776K
  class space    used 6476K, capacity 6934K, committed 7040K, reserved 1048576K
GC Heap History (10 events):
Event: 10.068 GC heap before
{Heap before GC invocations=67 (full 6):
 PSYoungGen      total 195072K, used 187750K [0x00000000f0000000, 0x00000000fcc80000, 0x0000000100000000)
  eden space 181760K, 100% used [0x00000000f0000000,0x00000000fb180000,0x00000000fb180000)
  from space 13312K, 45% used [0x00000000fbf80000,0x00000000fc559a08,0x00000000fcc80000)
  to   space 13824K, 0% used [0x00000000fb180000,0x00000000fb180000,0x00000000fbf00000)
 ParOldGen       total 74240K, used 59474K [0x00000000d0000000, 0x00000000d4880000, 0x00000000f0000000)
  object space 74240K, 80% used [0x00000000d0000000,0x00000000d3a14810,0x00000000d4880000)
 Metaspace       used 51388K, capacity 52744K, committed 52860K, reserved 1095680K
  class space    used 5825K, capacity 6245K, committed 6272K, reserved 1048576K
Event: 10.075 GC heap after
Heap after GC invocations=67 (full 6):
 PSYoungGen      total 195584K, used 8423K [0x00000000f0000000, 0x00000000fd900000, 0x0000000100000000)
  eden space 181760K, 0% used [0x00000000f0000000,0x00000000f0000000,0x00000000fb180000)
  from space 13824K, 60% used [0x00000000fb180000,0x00000000fb9b9d98,0x00000000fbf00000)
  to   space 14336K, 0% used [0x00000000fcb00000,0x00000000fcb00000,0x00000000fd900000)
 ParOldGen       total 74240K, used 59482K [0x00000000d0000000, 0x00000000d4880000, 0x00000000f0000000)
  object space 74240K, 80% used [0x00000000d0000000,0x00000000d3a16810,0x00000000d4880000)
 Metaspace       used 51388K, capacity 52744K, committed 52860K, reserved 1095680K
  class space    used 5825K, capacity 6245K, committed 6272K, reserved 1048576K
}
Event: 10.638 GC heap before
{Heap before GC invocations=68 (full 6):
 PSYoungGen      total 195584K, used 190183K [0x00000000f0000000, 0x00000000fd900000, 0x0000000100000000)
  eden space 181760K, 100% used [0x00000000f0000000,0x00000000fb180000,0x00000000fb180000)
  from space 13824K, 60% used [0x00000000fb180000,0x00000000fb9b9d98,0x00000000fbf00000)
  to   space 14336K, 0% used [0x00000000fcb00000,0x00000000fcb00000,0x00000000fd900000)
 ParOldGen       total 74240K, used 59482K [0x00000000d0000000, 0x00000000d4880000, 0x00000000f0000000)
  object space 74240K, 80% used [0x00000000d0000000,0x00000000d3a16810,0x00000000d4880000)
 Metaspace       used 52283K, capacity 53616K, committed 54012K, reserved 1097728K
  class space    used 5936K, capacity 6354K, committed 6400K, reserved 1048576K
Event: 10.659 GC heap after
Heap after GC invocations=68 (full 6):
 PSYoungGen      total 205824K, used 13666K [0x00000000f0000000, 0x00000000fdc80000, 0x0000000100000000)
  eden space 191488K, 0% used [0x00000000f0000000,0x00000000f0000000,0x00000000fbb00000)
  from space 14336K, 95% used [0x00000000fcb00000,0x00000000fd858b80,0x00000000fd900000)
  to   space 16384K, 0% used [0x00000000fbb00000,0x00000000fbb00000,0x00000000fcb00000)
 ParOldGen       total 74240K, used 59490K [0x00000000d0000000, 0x00000000d4880000, 0x00000000f0000000)
  object space 74240K, 80% used [0x00000000d0000000,0x00000000d3a18810,0x00000000d4880000)
 Metaspace       used 52283K, capacity 53616K, committed 54012K, reserved 1097728K
  class space    used 5936K, capacity 6354K, committed 6400K, reserved 1048576K
}
Event: 11.360 GC heap before
{Heap before GC invocations=69 (full 6):
 PSYoungGen      total 205824K, used 205154K [0x00000000f0000000, 0x00000000fdc80000, 0x0000000100000000)
  eden space 191488K, 100% used [0x00000000f0000000,0x00000000fbb00000,0x00000000fbb00000)
  from space 14336K, 95% used [0x00000000fcb00000,0x00000000fd858b80,0x00000000fd900000)
  to   space 16384K, 0% used [0x00000000fbb00000,0x00000000fbb00000,0x00000000fcb00000)
 ParOldGen       total 74240K, used 59490K [0x00000000d0000000, 0x00000000d4880000, 0x00000000f0000000)
  object space 74240K, 80% used [0x00000000d0000000,0x00000000d3a18810,0x00000000d4880000)
 Metaspace       used 53781K, capacity 55062K, committed 55420K, reserved 1097728K
  class space    used 6082K, capacity 6492K, committed 6528K, reserved 1048576K
Event: 11.372 GC heap after
Heap after GC invocations=69 (full 6):
 PSYoungGen      total 207872K, used 16369K [0x00000000f0000000, 0x00000000fee00000, 0x0000000100000000)
  eden space 191488K, 0% used [0x00000000f0000000,0x00000000f0000000,0x00000000fbb00000)
  from space 16384K, 99% used [0x00000000fbb00000,0x00000000fcafc6f8,0x00000000fcb00000)
  to   space 20992K, 0% used [0x00000000fd980000,0x00000000fd980000,0x00000000fee00000)
 ParOldGen       total 74240K, used 65017K [0x00000000d0000000, 0x00000000d4880000, 0x00000000f0000000)
  object space 74240K, 87% used [0x00000000d0000000,0x00000000d3f7e678,0x00000000d4880000)
 Metaspace       used 53781K, capacity 55062K, committed 55420K, reserved 1097728K
  class space    used 6082K, capacity 6492K, committed 6528K, reserved 1048576K
}
Event: 12.094 GC heap before
{Heap before GC invocations=70 (full 6):
 PSYoungGen      total 207872K, used 207857K [0x00000000f0000000, 0x00000000fee00000, 0x0000000100000000)
  eden space 191488K, 100% used [0x00000000f0000000,0x00000000fbb00000,0x00000000fbb00000)
  from space 16384K, 99% used [0x00000000fbb00000,0x00000000fcafc6f8,0x00000000fcb00000)
  to   space 20992K, 0% used [0x00000000fd980000,0x00000000fd980000,0x00000000fee00000)
 ParOldGen       total 74240K, used 65017K [0x00000000d0000000, 0x00000000d4880000, 0x00000000f0000000)
  object space 74240K, 87% used [0x00000000d0000000,0x00000000d3f7e678,0x00000000d4880000)
 Metaspace       used 55734K, capacity 57098K, committed 57340K, reserved 1099776K
  class space    used 6348K, capacity 6786K, committed 6912K, reserved 1048576K
Event: 12.129 GC heap after
Heap after GC invocations=70 (full 6):
 PSYoungGen      total 216576K, used 20961K [0x00000000f0000000, 0x00000000ffa80000, 0x0000000100000000)
  eden space 195584K, 0% used [0x00000000f0000000,0x00000000f0000000,0x00000000fbf00000)
  from space 20992K, 99% used [0x00000000fd980000,0x00000000fedf8720,0x00000000fee00000)
  to   space 27136K, 0% used [0x00000000fbf00000,0x00000000fbf00000,0x00000000fd980000)
 ParOldGen       total 74240K, used 71893K [0x00000000d0000000, 0x00000000d4880000, 0x00000000f0000000)
  object space 74240K, 96% used [0x00000000d0000000,0x00000000d4635778,0x00000000d4880000)
 Metaspace       used 55734K, capacity 57098K, committed 57340K, reserved 1099776K
  class space    used 6348K, capacity 6786K, committed 6912K, reserved 1048576K
}
Event: 12.129 GC heap before
{Heap before GC invocations=71 (full 7):
 PSYoungGen      total 216576K, used 20961K [0x00000000f0000000, 0x00000000ffa80000, 0x0000000100000000)
  eden space 195584K, 0% used [0x00000000f0000000,0x00000000f0000000,0x00000000fbf00000)
  from space 20992K, 99% used [0x00000000fd980000,0x00000000fedf8720,0x00000000fee00000)
  to   space 27136K, 0% used [0x00000000fbf00000,0x00000000fbf00000,0x00000000fd980000)
 ParOldGen       total 74240K, used 71893K [0x00000000d0000000, 0x00000000d4880000, 0x00000000f0000000)
  object space 74240K, 96% used [0x00000000d0000000,0x00000000d4635778,0x00000000d4880000)
 Metaspace       used 55734K, capacity 57098K, committed 57340K, reserved 1099776K
  class space    used 6348K, capacity 6786K, committed 6912K, reserved 1048576K
Event: 12.864 GC heap after
Heap after GC invocations=71 (full 7):
 PSYoungGen      total 216576K, used 16728K [0x00000000f0000000, 0x00000000ffa80000, 0x0000000100000000)
  eden space 195584K, 0% used [0x00000000f0000000,0x00000000f0000000,0x00000000fbf00000)
  from space 20992K, 79% used [0x00000000fd980000,0x00000000fe9d6070,0x00000000fee00000)
  to   space 27136K, 0% used [0x00000000fbf00000,0x00000000fbf00000,0x00000000fd980000)
 ParOldGen       total 91136K, used 73748K [0x00000000d0000000, 0x00000000d5900000, 0x00000000f0000000)
  object space 91136K, 80% used [0x00000000d0000000,0x00000000d4805110,0x00000000d5900000)
 Metaspace       used 55734K, capacity 57098K, committed 57340K, reserved 1099776K
  class space    used 6348K, capacity 6786K, committed 6912K, reserved 1048576K
}

