# JRE version: Java(TM) SE Runtime Environment (8.0_11-b12) (build 1.8.0_11-b12)
# Java VM: Java HotSpot(TM) 64-Bit Server VM (25.11-b03 mixed mode windows-amd64 compressed oops)
Heap:
 PSYoungGen      total 240128K, used 42545K [0x00000000f0000000, 0x0000000100000000, 0x0000000100000000)
  eden space 219136K, 13% used [0x00000000f0000000,0x00000000f1c057b0,0x00000000fd600000)
  from space 20992K, 65% used [0x00000000feb80000,0x00000000ff906c90,0x0000000100000000)
  to   space 21504K, 0% used [0x00000000fd600000,0x00000000fd600000,0x00000000feb00000)
 ParOldGen       total 105984K, used 86792K [0x00000000d0000000, 0x00000000d6780000, 0x00000000f0000000)
  object space 105984K, 81% used [0x00000000d0000000,0x00000000d54c2168,0x00000000d6780000)
 Metaspace       used 58783K, capacity 60286K, committed 60416K, reserved 1101824K
  class space    used 6868K, capacity 7365K, committed 7424K, reserved 1048576K
GC Heap History (10 events):
Event: 10.665 GC heap before
{Heap before GC invocations=55 (full 6):
 PSYoungGen      total 250368K, used 11761K [0x00000000f0000000, 0x0000000100000000, 0x0000000100000000)
  eden space 238592K, 0% used [0x00000000f0000000,0x00000000f0000000,0x00000000fe900000)
  from space 11776K, 99% used [0x00000000fe900000,0x00000000ff47c5c8,0x00000000ff480000)
  to   space 11776K, 0% used [0x00000000ff480000,0x00000000ff480000,0x0000000100000000)
 ParOldGen       total 72192K, used 68355K [0x00000000d0000000, 0x00000000d4680000, 0x00000000f0000000)
  object space 72192K, 94% used [0x00000000d0000000,0x00000000d42c0e28,0x00000000d4680000)
 Metaspace       used 53245K, capacity 54590K, committed 54912K, reserved 1097728K
  class space    used 6059K, capacity 6462K, committed 6528K, reserved 1048576K
Event: 11.419 GC heap after
Heap after GC invocations=55 (full 6):
 PSYoungGen      total 250368K, used 6109K [0x00000000f0000000, 0x0000000100000000, 0x0000000100000000)
  eden space 238592K, 0% used [0x00000000f0000000,0x00000000f0000000,0x00000000fe900000)
  from space 11776K, 51% used [0x00000000fe900000,0x00000000feef7700,0x00000000ff480000)
  to   space 11776K, 0% used [0x00000000ff480000,0x00000000ff480000,0x0000000100000000)
 ParOldGen       total 87040K, used 71722K [0x00000000d0000000, 0x00000000d5500000, 0x00000000f0000000)
  object space 87040K, 82% used [0x00000000d0000000,0x00000000d460a868,0x00000000d5500000)
 Metaspace       used 53245K, capacity 54590K, committed 54912K, reserved 1097728K
  class space    used 6059K, capacity 6462K, committed 6528K, reserved 1048576K
}
Event: 12.371 GC heap before
{Heap before GC invocations=56 (full 6):
 PSYoungGen      total 250368K, used 235435K [0x00000000f0000000, 0x0000000100000000, 0x0000000100000000)
  eden space 238592K, 96% used [0x00000000f0000000,0x00000000fdff3710,0x00000000fe900000)
  from space 11776K, 51% used [0x00000000fe900000,0x00000000feef7700,0x00000000ff480000)
  to   space 11776K, 0% used [0x00000000ff480000,0x00000000ff480000,0x0000000100000000)
 ParOldGen       total 87040K, used 71722K [0x00000000d0000000, 0x00000000d5500000, 0x00000000f0000000)
  object space 87040K, 82% used [0x00000000d0000000,0x00000000d460a868,0x00000000d5500000)
 Metaspace       used 55722K, capacity 57138K, committed 57344K, reserved 1099776K
  class space    used 6359K, capacity 6820K, committed 6912K, reserved 1048576K
Event: 12.408 GC heap after
Heap after GC invocations=56 (full 6):
 PSYoungGen      total 232960K, used 11744K [0x00000000f0000000, 0x0000000100000000, 0x0000000100000000)
  eden space 221184K, 0% used [0x00000000f0000000,0x00000000f0000000,0x00000000fd800000)
  from space 11776K, 99% used [0x00000000ff480000,0x00000000ffff82c0,0x0000000100000000)
  to   space 20480K, 0% used [0x00000000fd800000,0x00000000fd800000,0x00000000fec00000)
 ParOldGen       total 87040K, used 80255K [0x00000000d0000000, 0x00000000d5500000, 0x00000000f0000000)
  object space 87040K, 92% used [0x00000000d0000000,0x00000000d4e5fe20,0x00000000d5500000)
 Metaspace       used 55722K, capacity 57138K, committed 57344K, reserved 1099776K
  class space    used 6359K, capacity 6820K, committed 6912K, reserved 1048576K
}
Event: 12.408 GC heap before
{Heap before GC invocations=57 (full 7):
 PSYoungGen      total 232960K, used 11744K [0x00000000f0000000, 0x0000000100000000, 0x0000000100000000)
  eden space 221184K, 0% used [0x00000000f0000000,0x00000000f0000000,0x00000000fd800000)
  from space 11776K, 99% used [0x00000000ff480000,0x00000000ffff82c0,0x0000000100000000)
  to   space 20480K, 0% used [0x00000000fd800000,0x00000000fd800000,0x00000000fec00000)
 ParOldGen       total 87040K, used 80255K [0x00000000d0000000, 0x00000000d5500000, 0x00000000f0000000)
  object space 87040K, 92% used [0x00000000d0000000,0x00000000d4e5fe20,0x00000000d5500000)
 Metaspace       used 55722K, capacity 57138K, committed 57344K, reserved 1099776K
  class space    used 6359K, capacity 6820K, committed 6912K, reserved 1048576K
Event: 12.950 GC heap after
Heap after GC invocations=57 (full 7):
 PSYoungGen      total 232960K, used 4009K [0x00000000f0000000, 0x0000000100000000, 0x0000000100000000)
  eden space 221184K, 0% used [0x00000000f0000000,0x00000000f0000000,0x00000000fd800000)
  from space 11776K, 34% used [0x00000000ff480000,0x00000000ff86a738,0x0000000100000000)
  to   space 20480K, 0% used [0x00000000fd800000,0x00000000fd800000,0x00000000fec00000)
 ParOldGen       total 105984K, used 86736K [0x00000000d0000000, 0x00000000d6780000, 0x00000000f0000000)
  object space 105984K, 81% used [0x00000000d0000000,0x00000000d54b4168,0x00000000d6780000)
 Metaspace       used 55722K, capacity 57138K, committed 57344K, reserved 1099776K
  class space    used 6359K, capacity 6820K, committed 6912K, reserved 1048576K
}
Event: 13.571 GC heap before
{Heap before GC invocations=58 (full 7):
 PSYoungGen      total 232960K, used 225193K [0x00000000f0000000, 0x0000000100000000, 0x0000000100000000)
  eden space 221184K, 100% used [0x00000000f0000000,0x00000000fd800000,0x00000000fd800000)
  from space 11776K, 34% used [0x00000000ff480000,0x00000000ff86a738,0x0000000100000000)
  to   space 20480K, 0% used [0x00000000fd800000,0x00000000fd800000,0x00000000fec00000)
 ParOldGen       total 105984K, used 86736K [0x00000000d0000000, 0x00000000d6780000, 0x00000000f0000000)
  object space 105984K, 81% used [0x00000000d0000000,0x00000000d54b4168,0x00000000d6780000)
 Metaspace       used 57090K, capacity 58540K, committed 58880K, reserved 1101824K
  class space    used 6566K, capacity 7041K, committed 7168K, reserved 1048576K
Event: 13.594 GC heap after
Heap after GC invocations=58 (full 7):
 PSYoungGen      total 233472K, used 12065K [0x00000000f0000000, 0x0000000100000000, 0x0000000100000000)
  eden space 221184K, 0% used [0x00000000f0000000,0x00000000f0000000,0x00000000fd800000)
  from space 12288K, 98% used [0x00000000fd800000,0x00000000fe3c8620,0x00000000fe400000)
  to   space 20992K, 0% used [0x00000000feb80000,0x00000000feb80000,0x0000000100000000)
 ParOldGen       total 105984K, used 86784K [0x00000000d0000000, 0x00000000d6780000, 0x00000000f0000000)
  object space 105984K, 81% used [0x00000000d0000000,0x00000000d54c0168,0x00000000d6780000)
 Metaspace       used 57090K, capacity 58540K, committed 58880K, reserved 1101824K
  class space    used 6566K, capacity 7041K, committed 7168K, reserved 1048576K
}
Event: 13.923 GC heap before
{Heap before GC invocations=59 (full 7):
 PSYoungGen      total 233472K, used 228766K [0x00000000f0000000, 0x0000000100000000, 0x0000000100000000)
  eden space 221184K, 97% used [0x00000000f0000000,0x00000000fd39f458,0x00000000fd800000)
  from space 12288K, 98% used [0x00000000fd800000,0x00000000fe3c8620,0x00000000fe400000)
  to   space 20992K, 0% used [0x00000000feb80000,0x00000000feb80000,0x0000000100000000)
 ParOldGen       total 105984K, used 86784K [0x00000000d0000000, 0x00000000d6780000, 0x00000000f0000000)
  object space 105984K, 81% used [0x00000000d0000000,0x00000000d54c0168,0x00000000d6780000)
 Metaspace       used 58498K, capacity 60030K, committed 60160K, reserved 1101824K
  class space    used 6818K, capacity 7301K, committed 7424K, reserved 1048576K
Event: 13.952 GC heap after
Heap after GC invocations=59 (full 7):
 PSYoungGen      total 240128K, used 13851K [0x00000000f0000000, 0x0000000100000000, 0x0000000100000000)
  eden space 219136K, 0% used [0x00000000f0000000,0x00000000f0000000,0x00000000fd600000)
  from space 20992K, 65% used [0x00000000feb80000,0x00000000ff906c90,0x0000000100000000)
  to   space 21504K, 0% used [0x00000000fd600000,0x00000000fd600000,0x00000000feb00000)
 ParOldGen       total 105984K, used 86792K [0x00000000d0000000, 0x00000000d6780000, 0x00000000f0000000)
  object space 105984K, 81% used [0x00000000d0000000,0x00000000d54c2168,0x00000000d6780000)
 Metaspace       used 58498K, capacity 60030K, committed 60160K, reserved 1101824K
  class space    used 6818K, capacity 7301K, committed 7424K, reserved 1048576K
}

